<?xml version="1.0" encoding="UTF-8" ?>
<testsuite errors="0" failures="0" hostname="Win7-PC" name="sample.UtilsJUnit3Test" skipped="0" tests="4" time="1.48" timestamp="2016-05-09T22:39:30">
  <properties>
    <property name="netbeans.autoupdate.country" value="US" />
    <property name="nb.wait.for.caches" value="true" />
    <property name="javac.test.classpath" value="C:\Program Files\NetBeans 8.1\platform\modules\ext\junit-4.12.jar:build/classes:C:\Program Files\NetBeans 8.1\platform\modules\ext\junit-4.12.jar:C:\Program Files\NetBeans 8.1\platform\modules\ext\hamcrest-core-1.3.jar" />
    <property name="ant.core.lib" value="C:\Program Files\NetBeans 8.1\extide\ant\lib\ant.jar" />
    <property name="ant.file.JUnitSample" value="C:\Users\Win7\Documents\NetBeansProjects\JUnitSample\build.xml" />
    <property name="javadoc.windowtitle" value="" />
    <property name="user.dir" value="C:\Users\Win7\Documents\NetBeansProjects\JUnitSample" />
    <property name="java.vm.version" value="25.45-b02" />
    <property name="libs.MySQLDriver.classpath" value="C:\Program Files\NetBeans 8.1\ide\modules\ext\mysql-connector-java-5.1.23-bin.jar" />
    <property name="libs.eclipselinkmodelgen.src" value="" />
    <property name="javadoc.notree" value="false" />
    <property name="netbeans.autoupdate.version" value="1.23" />
    <property name="javac.profile.cmd.line.arg" value="" />
    <property name="jdk.home" value="C:\Program Files\Java\jdk1.8.0_45" />
    <property name="libs.javac-api.src" value="" />
    <property name="javadoc.noindex" value="false" />
    <property name="libs.jpa2-persistence.classpath" value="C:\Program Files\NetBeans 8.1\java\modules\ext\hibernate4\hibernate-jpa-2.1-api-1.0.0.Final.jar" />
    <property name="sun.os.patch.level" value="Service Pack 1" />
    <property name="java.vm.specification.name" value="Java Virtual Machine Specification" />
    <property name="nb.show.statistics.ui" value="usageStatisticsEnabled" />
    <property name="netbeans.autoupdate.variant" value="" />
    <property name="have.tests" value="true" />
    <property name="org.xml.sax.driver" value="com.sun.org.apache.xerces.internal.jaxp.SAXParserImpl$JAXPSAXParser" />
    <property name="libs.hamcrest.classpath" value="C:\Program Files\NetBeans 8.1\platform\modules\ext\hamcrest-core-1.3.jar" />
    <property name="libs.javac-api.javadoc" value="" />
    <property name="os.name" value="Windows 7" />
    <property name="libs.beans-binding.classpath" value="C:\Program Files\NetBeans 8.1\java\modules\ext\beansbinding-1.2.1.jar" />
    <property name="ap.proc.none.internal" value="" />
    <property name="libs.JWSAntTasks.maven-pom" value="" />
    <property name="libs.testng.src" value="" />
    <property name="java.vendor.url.bug" value="http://bugreport.sun.com/bugreport/" />
    <property name="libs.jaxb.maven-pom" value="" />
    <property name="os.arch" value="amd64" />
    <property name="libs.eclipselink.src" value="" />
    <property name="user.name" value="Win7" />
    <property name="copylibs.rebase" value="true" />
    <property name="libs.swing-layout.maven-pom" value="" />
    <property name="sun.java.command" value="org.apache.tools.ant.taskdefs.optional.junit.JUnitTestRunner sample.UtilsJUnit3Test skipNonTests=false filtertrace=true haltOnError=false haltOnFailure=false showoutput=true outputtoformatters=true logfailedtests=true threadid=0 logtestlistenerevents=true formatter=org.apache.tools.ant.taskdefs.optional.junit.BriefJUnitResultFormatter formatter=org.apache.tools.ant.taskdefs.optional.junit.XMLJUnitResultFormatter,C:\Users\Win7\Documents\NetBeansProjects\JUnitSample\build\test\results\TEST-sample.UtilsJUnit3Test.xml crashfile=C:\Users\Win7\Documents\NetBeansProjects\JUnitSample\build\junitvmwatcher4012190646995211452.properties propsfile=C:\Users\Win7\Documents\NetBeansProjects\JUnitSample\build\junit7279240333938079575.properties" />
    <property name="build.classes.dir" value="build/classes" />
    <property name="netbeans.accept_license_class" value="org.netbeans.license.AcceptLicense" />
    <property name="build.sysclasspath" value="ignore" />
    <property name="ap.supported.internal" value="true" />
    <property name="java.failonerror" value="true" />
    <property name="libs.jaxws21.javadoc" value="C:\Program Files\NetBeans 8.1\java\docs\jaxws-api-doc.zip" />
    <property name="includes" value="**" />
    <property name="user.country" value="US" />
    <property name="javadoc.encoding" value="UTF-8" />
    <property name="javac.classpath" value="C:\Program Files\NetBeans 8.1\platform\modules\ext\junit-4.12.jar" />
    <property name="libs.spring-framework400.classpath" value="C:\Program Files\NetBeans 8.1\ide\modules\org-apache-commons-logging.jar;C:\Program Files\NetBeans 8.1\java\modules\ext\cglib-2.2.jar;C:\Program Files\NetBeans 8.1\java\modules\ext\spring-4\spring-aop-4.0.1.RELEASE.jar;C:\Program Files\NetBeans 8.1\java\modules\ext\spring-4\spring-aspects-4.0.1.RELEASE.jar;C:\Program Files\NetBeans 8.1\java\modules\ext\spring-4\spring-beans-4.0.1.RELEASE.jar;C:\Program Files\NetBeans 8.1\java\modules\ext\spring-4\spring-build-src-4.0.1.RELEASE.jar;C:\Program Files\NetBeans 8.1\java\modules\ext\spring-4\spring-context-4.0.1.RELEASE.jar;C:\Program Files\NetBeans 8.1\java\modules\ext\spring-4\spring-context-support-4.0.1.RELEASE.jar;C:\Program Files\NetBeans 8.1\java\modules\ext\spring-4\spring-core-4.0.1.RELEASE.jar;C:\Program Files\NetBeans 8.1\java\modules\ext\spring-4\spring-expression-4.0.1.RELEASE.jar;C:\Program Files\NetBeans 8.1\java\modules\ext\spring-4\spring-framework-bom-4.0.1.RELEASE.jar;C:\Program Files\NetBeans 8.1\java\modules\ext\spring-4\spring-instrument-4.0.1.RELEASE.jar;C:\Program Files\NetBeans 8.1\java\modules\ext\spring-4\spring-instrument-tomcat-4.0.1.RELEASE.jar;C:\Program Files\NetBeans 8.1\java\modules\ext\spring-4\spring-jdbc-4.0.1.RELEASE.jar;C:\Program Files\NetBeans 8.1\java\modules\ext\spring-4\spring-jms-4.0.1.RELEASE.jar;C:\Program Files\NetBeans 8.1\java\modules\ext\spring-4\spring-messaging-4.0.1.RELEASE.jar;C:\Program Files\NetBeans 8.1\java\modules\ext\spring-4\spring-orm-4.0.1.RELEASE.jar;C:\Program Files\NetBeans 8.1\java\modules\ext\spring-4\spring-oxm-4.0.1.RELEASE.jar;C:\Program Files\NetBeans 8.1\java\modules\ext\spring-4\spring-test-4.0.1.RELEASE.jar;C:\Program Files\NetBeans 8.1\java\modules\ext\spring-4\spring-tx-4.0.1.RELEASE.jar;C:\Program Files\NetBeans 8.1\java\modules\ext\spring-4\spring-web-4.0.1.RELEASE.jar;C:\Program Files\NetBeans 8.1\java\modules\ext\spring-4\spring-webmvc-4.0.1.RELEASE.jar;C:\Program Files\NetBeans 8.1\java\modules\ext\spring-4\spring-webmvc-portlet-4.0.1.RELEASE.jar;C:\Program Files\NetBeans 8.1\java\modules\ext\spring-4\spring-websocket-4.0.1.RELEASE.jar" />
    <property name="debug-transport" value="dt_shmem" />
    <property name="netbeans.home" value="C:\Program Files\NetBeans 8.1\platform" />
    <property name="build.compiler.emacs" value="true" />
    <property name="java.endorsed.dirs" value="C:\Program Files\Java\jdk1.8.0_45\jre\lib\endorsed" />
    <property name="netbeans.dynamic.classpath" value="C:\Program Files\NetBeans 8.1\platform\core\asm-all-5.0.1.jar;C:\Program Files\NetBeans 8.1\platform\core\core-base.jar;C:\Program Files\NetBeans 8.1\platform\core\core.jar;C:\Program Files\NetBeans 8.1\platform\core\org-netbeans-libs-asm.jar;C:\Program Files\NetBeans 8.1\platform\core\org-openide-filesystems-compat8.jar;C:\Program Files\NetBeans 8.1\platform\core\org-openide-filesystems.jar;C:\Program Files\NetBeans 8.1\platform\core\locale\core-base_ja.jar;C:\Program Files\NetBeans 8.1\platform\core\locale\core-base_pt_BR.jar;C:\Program Files\NetBeans 8.1\platform\core\locale\core-base_ru.jar;C:\Program Files\NetBeans 8.1\platform\core\locale\core-base_zh_CN.jar;C:\Program Files\NetBeans 8.1\platform\core\locale\core_ja.jar;C:\Program Files\NetBeans 8.1\platform\core\locale\core_pt_BR.jar;C:\Program Files\NetBeans 8.1\platform\core\locale\core_ru.jar;C:\Program Files\NetBeans 8.1\platform\core\locale\core_zh_CN.jar;C:\Program Files\NetBeans 8.1\platform\core\locale\org-netbeans-libs-asm_ja.jar;C:\Program Files\NetBeans 8.1\platform\core\locale\org-netbeans-libs-asm_pt_BR.jar;C:\Program Files\NetBeans 8.1\platform\core\locale\org-netbeans-libs-asm_ru.jar;C:\Program Files\NetBeans 8.1\platform\core\locale\org-netbeans-libs-asm_zh_CN.jar;C:\Program Files\NetBeans 8.1\platform\core\locale\org-openide-filesystems-compat8_ja.jar;C:\Program Files\NetBeans 8.1\platform\core\locale\org-openide-filesystems-compat8_pt_BR.jar;C:\Program Files\NetBeans 8.1\platform\core\locale\org-openide-filesystems-compat8_ru.jar;C:\Program Files\NetBeans 8.1\platform\core\locale\org-openide-filesystems-compat8_zh_CN.jar;C:\Program Files\NetBeans 8.1\platform\core\locale\org-openide-filesystems_ja.jar;C:\Program Files\NetBeans 8.1\platform\core\locale\org-openide-filesystems_pt_BR.jar;C:\Program Files\NetBeans 8.1\platform\core\locale\org-openide-filesystems_ru.jar;C:\Program Files\NetBeans 8.1\platform\core\locale\org-openide-filesystems_zh_CN.jar;C:\Program Files\NetBeans 8.1\nb\core\org-netbeans-upgrader.jar;C:\Program Files\NetBeans 8.1\nb\core\locale\core_nb.jar;C:\Program Files\NetBeans 8.1\nb\core\locale\core_nb_ja.jar;C:\Program Files\NetBeans 8.1\nb\core\locale\core_nb_pt_BR.jar;C:\Program Files\NetBeans 8.1\nb\core\locale\core_nb_ru.jar;C:\Program Files\NetBeans 8.1\nb\core\locale\core_nb_zh_CN.jar;C:\Program Files\NetBeans 8.1\nb\core\locale\org-netbeans-upgrader_ja.jar;C:\Program Files\NetBeans 8.1\nb\core\locale\org-netbeans-upgrader_pt_BR.jar;C:\Program Files\NetBeans 8.1\nb\core\locale\org-netbeans-upgrader_ru.jar;C:\Program Files\NetBeans 8.1\nb\core\locale\org-netbeans-upgrader_zh_CN.jar" />
    <property name="java.vm.specification.version" value="1.8" />
    <property name="libs.hibernate4-support.src" value="" />
    <property name="netbeans.productversion" value="NetBeans IDE 8.1 (Build 201510222201)" />
    <property name="libs.jaxws21.src" value="" />
    <property name="do.archive" value="true" />
    <property name="netbeans.autoupdate.language" value="en" />
    <property name="java.vendor" value="Oracle Corporation" />
    <property name="jar.index.metainf" value="false" />
    <property name="javac.debug" value="true" />
    <property name="javadoc.splitindex" value="true" />
    <property name="file.separator" value="\" />
    <property name="libs.junit_4.maven-pom" value="" />
    <property name="mkdist.disabled" value="true" />
    <property name="javac.test.processorpath" value="C:\Program Files\NetBeans 8.1\platform\modules\ext\junit-4.12.jar:build/classes:C:\Program Files\NetBeans 8.1\platform\modules\ext\junit-4.12.jar:C:\Program Files\NetBeans 8.1\platform\modules\ext\hamcrest-core-1.3.jar" />
    <property name="netbeans.buildnumber" value="201510222201" />
    <property name="libs.JWSAntTasks.javadoc" value="" />
    <property name="build.generated.sources.dir" value="build/generated-sources" />
    <property name="user.variant" value="" />
    <property name="libs.eclipselinkmodelgen.classpath" value="C:\Program Files\NetBeans 8.1\java\modules\ext\eclipselink\org.eclipse.persistence.jpa.modelgen_2.5.2.v20140319-9ad6abd.jar" />
    <property name="sun.java.launcher" value="SUN_STANDARD" />
    <property name="libs.hibernate4-persistencemodelgen.javadoc" value="" />
    <property name="libs.jaxb.javadoc" value="C:\Program Files\NetBeans 8.1\ide\docs\jaxb-api-doc.zip" />
    <property name="ant.home" value="C:\Program Files\NetBeans 8.1\extide\ant" />
    <property name="libs.junit_4.src" value="C:\Program Files\NetBeans 8.1\platform\docs\junit-4.12-sources.jar" />
    <property name="libs.testng.classpath" value="C:\Program Files\NetBeans 8.1\platform\modules\ext\testng-6.8.1-dist.jar" />
    <property name="libs.absolutelayout.maven-pom" value="" />
    <property name="ant.java.version" value="1.8" />
    <property name="java.library.path" value="C:\Program Files\Java\jdk1.8.0_45\jre\bin;C:\Windows\Sun\Java\bin;C:\Windows\system32;C:\Windows;C:\ProgramData\Oracle\Java\javapath;C:\Program Files\ImageMagick-6.9.0-Q16;C:\Program Files (x86)\AMD APP\bin\x86_64;C:\Program Files (x86)\AMD APP\bin\x86;C:\Program Files (x86)\Intel\iCLS Client\;C:\Program Files\Intel\iCLS Client\;C:\Windows\system32;C:\Windows;C:\Windows\System32\Wbem;C:\Windows\System32\WindowsPowerShell\v1.0\;C:\Program Files\Intel\Intel(R) Management Engine Components\DAL;C:\Program Files\Intel\Intel(R) Management Engine Components\IPT;C:\Program Files (x86)\Intel\Intel(R) Management Engine Components\DAL;C:\Program Files (x86)\Intel\Intel(R) Management Engine Components\IPT;C:\Program Files (x86)\ATI Technologies\ATI.ACE\Core-Static;C:\Program Files (x86)\QuickTime\QTSystem\;C:\Program Files (x86)\Skype\Phone\;C:\Program Files\Git\cmd;C:\Windows\system32\config\systemprofile\.dnx\bin;C:\Program Files\Microsoft DNX\Dnvm\;C:\Program Files\Microsoft SQL Server\130\Tools\Binn\;C:\Program Files\Microsoft SQL Server\120\Tools\Binn\;." />
    <property name="javadoc.author" value="false" />
    <property name="java.util.logging.config.class" value="org.netbeans.core.startup.TopLogging" />
    <property name="libs.spring-framework400.src" value="" />
    <property name="libs.PostgreSQLDriver.src" value="" />
    <property name="sun.arch.data.model" value="64" />
    <property name="basedir" value="C:\Users\Win7\Documents\NetBeansProjects\JUnitSample" />
    <property name="libs.jpa20-persistence.maven-pom" value="" />
    <property name="jar.compress" value="false" />
    <property name="path.separator" value=";" />
    <property name="ant.junit.enabletestlistenerevents" value="true" />
    <property name="sun.io.unicode.encoding" value="UnicodeLittle" />
    <property name="libs.jaxws21.classpath" value="C:\Program Files\NetBeans 8.1\ide\modules\ext\jaxb\jaxb-impl.jar;C:\Program Files\NetBeans 8.1\ide\modules\ext\jaxb\jaxb-xjc.jar;C:\Program Files\NetBeans 8.1\java\modules\ext\jaxws22\FastInfoset.jar;C:\Program Files\NetBeans 8.1\java\modules\ext\jaxws22\gmbal-api-only.jar;C:\Program Files\NetBeans 8.1\java\modules\ext\jaxws22\ha-api.jar;C:\Program Files\NetBeans 8.1\java\modules\ext\jaxws22\javax.mail_1.4.jar;C:\Program Files\NetBeans 8.1\java\modules\ext\jaxws22\jaxws-rt.jar;C:\Program Files\NetBeans 8.1\java\modules\ext\jaxws22\jaxws-tools.jar;C:\Program Files\NetBeans 8.1\java\modules\ext\jaxws22\management-api.jar;C:\Program Files\NetBeans 8.1\java\modules\ext\jaxws22\mimepull.jar;C:\Program Files\NetBeans 8.1\java\modules\ext\jaxws22\policy.jar;C:\Program Files\NetBeans 8.1\java\modules\ext\jaxws22\saaj-impl.jar;C:\Program Files\NetBeans 8.1\java\modules\ext\jaxws22\stax-ex.jar;C:\Program Files\NetBeans 8.1\java\modules\ext\jaxws22\stax2-api.jar;C:\Program Files\NetBeans 8.1\java\modules\ext\jaxws22\streambuffer.jar;C:\Program Files\NetBeans 8.1\java\modules\ext\jaxws22\woodstox-core-asl.jar;C:\Program Files\NetBeans 8.1\java\modules\ext\jaxws22\api\jaxws-api.jar;C:\Program Files\NetBeans 8.1\java\modules\ext\jaxws22\api\jsr181-api.jar;C:\Program Files\NetBeans 8.1\java\modules\ext\jaxws22\api\javax.annotation.jar;C:\Program Files\NetBeans 8.1\java\modules\ext\jaxws22\api\saaj-api.jar;C:\Program Files\NetBeans 8.1\ide\modules\ext\jaxb\activation.jar;C:\Program Files\NetBeans 8.1\ide\modules\ext\jaxb\api\jaxb-api.jar;C:\Program Files\NetBeans 8.1\ide\modules\ext\jaxb\api\jsr173_1.0_api.jar" />
    <property name="compile.on.save" value="true" />
    <property name="apple.awt.graphics.UseQuartz" value="true" />
    <property name="user.language" value="en" />
    <property name="testng.mode" value="testng" />
    <property name="libs.JAXB-ENDORSED.maven-pom" value="" />
    <property name="libs.eclipselink.maven-pom" value="" />
    <property name="test.binaryincludes" value="&lt;nothing&gt;" />
    <property name="libs.spring-framework300.maven-pom" value="" />
    <property name="run.test.classpath" value="C:\Program Files\NetBeans 8.1\platform\modules\ext\junit-4.12.jar:build/classes:C:\Program Files\NetBeans 8.1\platform\modules\ext\junit-4.12.jar:C:\Program Files\NetBeans 8.1\platform\modules\ext\hamcrest-core-1.3.jar:build/test/classes" />
    <property name="ant.project.invoked-targets" value="test" />
    <property name="test.binaryexcludes" value="" />
    <property name="libs.swing-layout.javadoc" value="C:\Program Files\NetBeans 8.1\platform\docs\swing-layout-1.0.4-doc.zip" />
    <property name="sun.java2d.dpiaware" value="true" />
    <property name="libs.hibernate4-persistence.maven-pom" value="" />
    <property name="https.nonProxyHosts" value="localhost|127.0.0.1|Win7-PC" />
    <property name="libs.PostgreSQLDriver.maven-pom" value="" />
    <property name="java.class.version" value="52.0" />
    <property name="libs.hibernate4-persistencemodelgen.maven-pom" value="" />
    <property name="libs.eclipselink.javadoc" value="C:\Program Files\NetBeans 8.1\java\modules\ext\docs\javax.persistence-2.1.0-doc.zip" />
    <property name="user.properties.file" value="C:\Users\Win7\AppData\Roaming\NetBeans\8.1\build.properties" />
    <property name="runtime.encoding" value="UTF-8" />
    <property name="libs.javac-api.maven-pom" value="" />
    <property name="file.encoding.pkg" value="sun.io" />
    <property name="sun.cpu.endian" value="little" />
    <property name="libs.JAXB-ENDORSED.javadoc" value="" />
    <property name="libs.JWSAntTasks.classpath" value="C:\Program Files\NetBeans 8.1\java\ant\extra\org-netbeans-modules-javawebstart-anttasks.jar" />
    <property name="libs.spring-framework300.src" value="" />
    <property name="empty.dir" value="C:\Users\Win7\Documents\NetBeansProjects\JUnitSample\build\empty" />
    <property name="version-output" value="java version &quot;1.8" />
    <property name="test.binarytestincludes" value="" />
    <property name="libs.hibernate4-persistencemodelgen.src" value="" />
    <property name="javadoc.preview" value="true" />
    <property name="libs.jpa20-persistence.javadoc" value="C:\Program Files\NetBeans 8.1\java\modules\ext\docs\javax.persistence-2.1.0-doc.zip" />
    <property name="java.home" value="C:\Program Files\Java\jdk1.8.0_45\jre" />
    <property name="debug.test.classpath" value="C:\Program Files\NetBeans 8.1\platform\modules\ext\junit-4.12.jar:build/classes:C:\Program Files\NetBeans 8.1\platform\modules\ext\junit-4.12.jar:C:\Program Files\NetBeans 8.1\platform\modules\ext\hamcrest-core-1.3.jar:build/test/classes" />
    <property name="netbeans.importclass" value="org.netbeans.upgrade.AutoUpgrade" />
    <property name="ant.project.default-target" value="default" />
    <property name="annotation.processing.run.all.processors" value="true" />
    <property name="libs.PostgreSQLDriver.javadoc" value="" />
    <property name="libs.MySQLDriver.maven-pom" value="" />
    <property name="libs.hibernate4-persistence.javadoc" value="C:\Program Files\NetBeans 8.1\java\modules\ext\docs\javax.persistence-2.1.0-doc.zip" />
    <property name="http.nonProxyHosts" value="localhost|127.0.0.1|Win7-PC" />
    <property name="libs.junit_4.javadoc" value="C:\Program Files\NetBeans 8.1\platform\docs\junit-4.12-javadoc.jar" />
    <property name="run.classpath" value="C:\Program Files\NetBeans 8.1\platform\modules\ext\junit-4.12.jar:build/classes" />
    <property name="jna.boot.library.name" value="jnidispatch-410" />
    <property name="sun.awt.datatransfer.timeout" value="1000" />
    <property name="libs.jpa2-persistence.maven-pom" value="" />
    <property name="annotation.processing.enabled.in.editor" value="false" />
    <property name="libs.hibernate4-support.classpath" value="C:\Program Files\NetBeans 8.1\java\modules\ext\hibernate4\antlr-2.7.7.jar;C:\Program Files\NetBeans 8.1\java\modules\ext\hibernate4\c3p0-0.9.2.1.jar;C:\Program Files\NetBeans 8.1\java\modules\ext\hibernate4\hibernate-c3p0-4.3.1.Final.jar;C:\Program Files\NetBeans 8.1\java\modules\ext\hibernate4\mchange-commons-java-0.2.3.4.jar;C:\Program Files\NetBeans 8.1\java\modules\ext\hibernate4\dom4j-1.6.1.jar;C:\Program Files\NetBeans 8.1\java\modules\ext\hibernate4\ehcache-core-2.4.3.jar;C:\Program Files\NetBeans 8.1\java\modules\ext\hibernate4\hibernate-ehcache-4.3.1.Final.jar;C:\Program Files\NetBeans 8.1\java\modules\ext\hibernate4\hibernate-core-4.3.1.Final.jar;C:\Program Files\NetBeans 8.1\java\modules\ext\hibernate4\jboss-logging-3.1.3.GA.jar;C:\Program Files\NetBeans 8.1\java\modules\ext\hibernate4\hibernate-commons-annotations-4.0.4.Final.jar;C:\Program Files\NetBeans 8.1\java\modules\ext\hibernate4\hibernate-entitymanager-4.3.1.Final.jar;C:\Program Files\NetBeans 8.1\java\modules\ext\hibernate4\javassist-3.18.1-GA.jar;C:\Program Files\NetBeans 8.1\java\modules\ext\hibernate4\jboss-transaction-api_1.2_spec-1.0.0.Final.jar;C:\Program Files\NetBeans 8.1\java\modules\ext\hibernate4\slf4j-api-1.6.1.jar;C:\Program Files\NetBeans 8.1\java\modules\ext\hibernate4\slf4j-simple-1.6.1.jar" />
    <property name="nb.native.filechooser" value="false" />
    <property name="sun.management.compiler" value="HotSpot 64-Bit Tiered Compilers" />
    <property name="javac.deprecation" value="false" />
    <property name="javadoc.use" value="true" />
    <property name="sun.java2d.noddraw" value="true" />
    <property name="javac.processorpath" value="C:\Program Files\NetBeans 8.1\platform\modules\ext\junit-4.12.jar" />
    <property name="ant.file.type.JUnitSample" value="file" />
    <property name="libs.hamcrest.maven-pom" value="" />
    <property name="javac.compilerargs" value="" />
    <property name="svnkit.http.methods" value="Basic" />
    <property name="ant.file" value="C:\Users\Win7\Documents\NetBeansProjects\JUnitSample\build.xml" />
    <property name="libs.beans-binding.maven-pom" value="" />
    <property name="libs.hibernate4-support.javadoc" value="C:\Program Files\NetBeans 8.1\java\modules\ext\docs\javax.persistence-2.1.0-doc.zip" />
    <property name="libs.beans-binding.src" value="" />
    <property name="java.vm.specification.vendor" value="Oracle Corporation" />
    <property name="libs.swing-layout.src" value="C:\Program Files\NetBeans 8.1\platform\docs\swing-layout-1.0.4-src.zip" />
    <property name="org.openide.major.version" value="IDE/1" />
    <property name="java.vm.name" value="Java HotSpot(TM) 64-Bit Server VM" />
    <property name="netbeans.user" value="C:\Users\Win7\AppData\Roaming\NetBeans\8.1" />
    <property name="javadoc.additionalparam" value="" />
    <property name="java.io.tmpdir" value="C:\Users\Win7\AppData\Local\Temp\" />
    <property name="java.vendor.url" value="http://java.oracle.com/" />
    <property name="endorsed.classpath.cmd.line.arg" value="" />
    <property name="junit.available" value="true" />
    <property name="org.openide.awt.ActionReference.completion" value="org.netbeans.modules.apisupport.project.layers.PathCompletions" />
    <property name="sun.boot.library.path" value="C:\Program Files\Java\jdk1.8.0_45\jre\bin" />
    <property name="have.sources" value="true" />
    <property name="libs.hamcrest.javadoc" value="" />
    <property name="debug.classpath" value="C:\Program Files\NetBeans 8.1\platform\modules\ext\junit-4.12.jar:build/classes" />
    <property name="javac.external.vm" value="true" />
    <property name="javadoc.private" value="false" />
    <property name="test.src.dir" value="test" />
    <property name="ap.processors.internal" value="" />
    <property name="meta.inf.dir" value="src/META-INF" />
    <property name="javadoc.encoding.used" value="UTF-8" />
    <property name="dist.jar" value="dist/JUnitSample.jar" />
    <property name="libs.spring-framework400.maven-pom" value="" />
    <property name="java.runtime.name" value="Java(TM) SE Runtime Environment" />
    <property name="ant.project.name" value="JUnitSample" />
    <property name="netbeans.hash.code" value="unique=NB_EXTIDE_JAVA03b937df3-6cbe-4088-ab9c-8cc51e6c5766_13280276-c125-420c-9577-c10580a12054" />
    <property name="netbeans.default_userdir_root" value="C:\Users\Win7\AppData\Roaming\NetBeans" />
    <property name="sun.cpu.isalist" value="amd64" />
    <property name="libs.spring-framework400.javadoc" value="" />
    <property name="libs.CopyLibs.javadoc" value="" />
    <property name="org.openide.specification.version" value="6.2" />
    <property name="user.home" value="C:\Users\Win7" />
    <property name="annotation.processing.processors.list" value="" />
    <property name="debug-args-line" value="-Xdebug" />
    <property name="libs.JWSAntTasks.src" value="" />
    <property name="jar.index" value="false" />
    <property name="libs.CopyLibs.maven-pom" value="" />
    <property name="libs.spring-framework300.javadoc" value="" />
    <property name="libs.absolutelayout.javadoc" value="" />
    <property name="java.specification.name" value="Java Platform API Specification" />
    <property name="java.specification.vendor" value="Oracle Corporation" />
    <property name="libs.javac-api.classpath" value="C:\Program Files\NetBeans 8.1\java\modules\ext\nb-javac-api.jar" />
    <property name="ant.file.type.JUnitSample-impl" value="file" />
    <property name="java.version" value="1.8.0_45" />
    <property name="run.jvmargs.ide" value="" />
    <property name="javadoc.version" value="false" />
    <property name="libs.MySQLDriver.javadoc" value="" />
    <property name="org.openide.version" value="deprecated" />
    <property name="platform.java" value="C:\Program Files\Java\jdk1.8.0_45\jre/bin/java" />
    <property name="source.encoding" value="UTF-8" />
    <property name="ap.cmd.line.internal" value="" />
    <property name="libs.eclipselinkmodelgen.maven-pom" value="" />
    <property name="libs.eclipselinkmodelgen.javadoc" value="" />
    <property name="netbeans.home+have.tests" value="true" />
    <property name="annotation.processing.processor.options" value="" />
    <property name="libs.testng.maven-pom" value="" />
    <property name="libs.jaxb.src" value="" />
    <property name="work.dir" value="C:\Users\Win7\Documents\NetBeansProjects\JUnitSample" />
    <property name="libs.jaxb.classpath" value="C:\Program Files\NetBeans 8.1\ide\modules\ext\jaxb\jaxb-impl.jar;C:\Program Files\NetBeans 8.1\ide\modules\ext\jaxb\jaxb-xjc.jar;C:\Program Files\NetBeans 8.1\ide\modules\ext\jaxb\jaxb1-impl.jar;C:\Program Files\NetBeans 8.1\ide\modules\ext\jaxb\activation.jar;C:\Program Files\NetBeans 8.1\ide\modules\ext\jaxb\api\jaxb-api.jar;C:\Program Files\NetBeans 8.1\ide\modules\ext\jaxb\api\jsr173_1.0_api.jar" />
    <property name="do.depend" value="false" />
    <property name="dist.javadoc.dir" value="dist/javadoc" />
    <property name="libs.swing-layout.classpath" value="C:\Program Files\NetBeans 8.1\platform\modules\ext\swing-layout-1.0.4.jar" />
    <property name="build.generated.dir" value="build/generated" />
    <property name="javac.source" value="1.8" />
    <property name="line.separator" value="&#xd;&#xa;" />
    <property name="java.specification.version" value="1.8" />
    <property name="libs.jaxws21.maven-pom" value="" />
    <property name="java.vm.info" value="mixed mode" />
    <property name="nb.junit.batch" value="true" />
    <property name="junit.forkmode" value="perTest" />
    <property name="sun.boot.class.path" value="C:\Program Files\Java\jdk1.8.0_45\jre\lib\resources.jar;C:\Program Files\Java\jdk1.8.0_45\jre\lib\rt.jar;C:\Program Files\Java\jdk1.8.0_45\jre\lib\sunrsasign.jar;C:\Program Files\Java\jdk1.8.0_45\jre\lib\jsse.jar;C:\Program Files\Java\jdk1.8.0_45\jre\lib\jce.jar;C:\Program Files\Java\jdk1.8.0_45\jre\lib\charsets.jar;C:\Program Files\Java\jdk1.8.0_45\jre\lib\jfr.jar;C:\Program Files\Java\jdk1.8.0_45\jre\classes" />
    <property name="javac.target" value="1.8" />
    <property name="built-jar.properties" value="C:\Users\Win7\Documents\NetBeansProjects\JUnitSample\build\built-jar.properties" />
    <property name="build.test.classes.dir" value="build/test/classes" />
    <property name="src.dir" value="src" />
    <property name="annotation.processing.enabled" value="true" />
    <property name="libs.jpa2-persistence.src" value="" />
    <property name="sun.awt.keepWorkingSetOnMinimize" value="true" />
    <property name="libs.jpa20-persistence.src" value="" />
    <property name="ignore.failing.tests" value="true" />
    <property name="dist.dir" value="dist" />
    <property name="testng.debug.mode" value="" />
    <property name="javac.fork" value="true" />
    <property name="java.awt.printerjob" value="sun.awt.windows.WPrinterJob" />
    <property name="default.javac.source" value="1.8" />
    <property name="debug-transport-by-os" value="dt_shmem" />
    <property name="libs.MySQLDriver.src" value="" />
    <property name="sun.jnu.encoding" value="Cp1252" />
    <property name="java.runtime.version" value="1.8.0_45-b14" />
    <property name="build.test.results.dir" value="build/test/results" />
    <property name="default.javac.target" value="1.8" />
    <property name="libs.junit_4.classpath" value="C:\Program Files\NetBeans 8.1\platform\modules\ext\junit-4.12.jar" />
    <property name="user.timezone" value="Europe/Belgrade" />
    <property name="nb.junit.single" value="false" />
    <property name="netbeans.dirs" value="C:\Program Files\NetBeans 8.1\nb;C:\Program Files\NetBeans 8.1\ergonomics;C:\Program Files\NetBeans 8.1\ide;C:\Program Files\NetBeans 8.1\extide;C:\Program Files\NetBeans 8.1\java;C:\Program Files\NetBeans 8.1\apisupport;C:\Program Files\NetBeans 8.1\webcommon;C:\Program Files\NetBeans 8.1\websvccommon;C:\Program Files\NetBeans 8.1\enterprise;C:\Program Files\NetBeans 8.1\mobility;C:\Program Files\NetBeans 8.1\profiler;C:\Program Files\NetBeans 8.1\python;C:\Program Files\NetBeans 8.1\php;C:\Program Files\NetBeans 8.1\identity;C:\Program Files\NetBeans 8.1\harness;C:\Program Files\NetBeans 8.1\cnd;C:\Program Files\NetBeans 8.1\cndext;C:\Program Files\NetBeans 8.1\dlight;C:\Program Files\NetBeans 8.1\groovy;C:\Program Files\NetBeans 8.1\extra;C:\Program Files\NetBeans 8.1\javacard;C:\Program Files\NetBeans 8.1\javafx" />
    <property name="java.ext.dirs" value="C:\Program Files\Java\jdk1.8.0_45\jre\lib\ext;C:\Windows\Sun\Java\lib\ext" />
    <property name="libs.absolutelayout.classpath" value="C:\Program Files\NetBeans 8.1\java\modules\ext\AbsoluteLayout.jar" />
    <property name="excludes" value="" />
    <property name="libs.jpa2-persistence.javadoc" value="C:\Program Files\NetBeans 8.1\java\modules\ext\docs\javax.persistence-2.1.0-doc.zip" />
    <property name="ant.file.JUnitSample-impl" value="C:\Users\Win7\Documents\NetBeansProjects\JUnitSample\nbproject\build-impl.xml" />
    <property name="java.class.path" value="C:\Program Files\NetBeans 8.1\platform\modules\ext\junit-4.12.jar;C:\Users\Win7\Documents\NetBeansProjects\JUnitSample\build\classes;C:\Program Files\NetBeans 8.1\platform\modules\ext\hamcrest-core-1.3.jar;C:\Users\Win7\Documents\NetBeansProjects\JUnitSample\build\test\classes;C:\Program Files\NetBeans 8.1\extide\ant\lib\ant-launcher.jar;C:\Program Files\NetBeans 8.1\extide\ant\lib\ant.jar;C:\Program Files\NetBeans 8.1\extide\ant\lib\ant-junit.jar;C:\Program Files\NetBeans 8.1\extide\ant\lib\ant-junit4.jar" />
    <property name="apple.laf.useScreenMenuBar" value="true" />
    <property name="libs.absolutelayout.src" value="" />
    <property name="libs.jpa20-persistence.classpath" value="C:\Program Files\NetBeans 8.1\java\modules\ext\eclipselink\javax.persistence_2.1.0.v201304241213.jar" />
    <property name="os.version" value="6.1" />
    <property name="application.args" value="" />
    <property name="sun.awt.enableExtraMouseButtons" value="true" />
    <property name="sun.desktop" value="windows" />
    <property name="libs.hibernate4-persistence.src" value="" />
    <property name="libs.hibernate4-support.maven-pom" value="" />
    <property name="nb.internal.action.name" value="test" />
    <property name="libs.JAXB-ENDORSED.classpath" value="C:\Program Files\NetBeans 8.1\ide\modules\ext\jaxb\api\jaxb-api.jar" />
    <property name="libs.eclipselink.classpath" value="C:\Program Files\NetBeans 8.1\java\modules\ext\eclipselink\eclipselink.jar;C:\Program Files\NetBeans 8.1\java\modules\ext\eclipselink\javax.persistence_2.1.0.v201304241213.jar;C:\Program Files\NetBeans 8.1\java\modules\ext\eclipselink\org.eclipse.persistence.jpa.jpql_2.5.2.v20140319-9ad6abd.jar" />
    <property name="java.awt.graphicsenv" value="sun.awt.Win32GraphicsEnvironment" />
    <property name="libs.beans-binding.javadoc" value="C:\Program Files\NetBeans 8.1\java\docs\beansbinding-1.2.1-doc.zip" />
    <property name="java.vm.vendor" value="Oracle Corporation" />
    <property name="libs.CopyLibs.classpath" value="C:\Program Files\NetBeans 8.1\java\ant\extra\org-netbeans-modules-java-j2seproject-copylibstask.jar" />
    <property name="libs.spring-framework300.classpath" value="C:\Program Files\NetBeans 8.1\ide\modules\org-apache-commons-logging.jar;C:\Program Files\NetBeans 8.1\java\modules\ext\cglib-2.2.jar;C:\Program Files\NetBeans 8.1\java\modules\ext\spring-3.0\spring-aop-3.2.7.RELEASE.jar;C:\Program Files\NetBeans 8.1\java\modules\ext\spring-3.0\spring-aspects-3.2.7.RELEASE.jar;C:\Program Files\NetBeans 8.1\java\modules\ext\spring-3.0\spring-beans-3.2.7.RELEASE.jar;C:\Program Files\NetBeans 8.1\java\modules\ext\spring-3.0\spring-build-src-3.2.7.RELEASE.jar;C:\Program Files\NetBeans 8.1\java\modules\ext\spring-3.0\spring-context-3.2.7.RELEASE.jar;C:\Program Files\NetBeans 8.1\java\modules\ext\spring-3.0\spring-context-support-3.2.7.RELEASE.jar;C:\Program Files\NetBeans 8.1\java\modules\ext\spring-3.0\spring-core-3.2.7.RELEASE.jar;C:\Program Files\NetBeans 8.1\java\modules\ext\spring-3.0\spring-expression-3.2.7.RELEASE.jar;C:\Program Files\NetBeans 8.1\java\modules\ext\spring-3.0\spring-framework-bom-3.2.7.RELEASE.jar;C:\Program Files\NetBeans 8.1\java\modules\ext\spring-3.0\spring-instrument-3.2.7.RELEASE.jar;C:\Program Files\NetBeans 8.1\java\modules\ext\spring-3.0\spring-instrument-tomcat-3.2.7.RELEASE.jar;C:\Program Files\NetBeans 8.1\java\modules\ext\spring-3.0\spring-jdbc-3.2.7.RELEASE.jar;C:\Program Files\NetBeans 8.1\java\modules\ext\spring-3.0\spring-jms-3.2.7.RELEASE.jar;C:\Program Files\NetBeans 8.1\java\modules\ext\spring-3.0\spring-orm-3.2.7.RELEASE.jar;C:\Program Files\NetBeans 8.1\java\modules\ext\spring-3.0\spring-oxm-3.2.7.RELEASE.jar;C:\Program Files\NetBeans 8.1\java\modules\ext\spring-3.0\spring-struts-3.2.7.RELEASE.jar;C:\Program Files\NetBeans 8.1\java\modules\ext\spring-3.0\spring-test-3.2.7.RELEASE.jar;C:\Program Files\NetBeans 8.1\java\modules\ext\spring-3.0\spring-tx-3.2.7.RELEASE.jar;C:\Program Files\NetBeans 8.1\java\modules\ext\spring-3.0\spring-web-3.2.7.RELEASE.jar;C:\Program Files\NetBeans 8.1\java\modules\ext\spring-3.0\spring-webmvc-3.2.7.RELEASE.jar;C:\Program Files\NetBeans 8.1\java\modules\ext\spring-3.0\spring-webmvc-portlet-3.2.7.RELEASE.jar" />
    <property name="libs.hamcrest.src" value="" />
    <property name="run.jvmargs" value="" />
    <property name="libs.hibernate4-persistence.classpath" value="C:\Program Files\NetBeans 8.1\java\modules\ext\hibernate4\antlr-2.7.7.jar;C:\Program Files\NetBeans 8.1\java\modules\ext\hibernate4\c3p0-0.9.2.1.jar;C:\Program Files\NetBeans 8.1\java\modules\ext\hibernate4\hibernate-c3p0-4.3.1.Final.jar;C:\Program Files\NetBeans 8.1\java\modules\ext\hibernate4\mchange-commons-java-0.2.3.4.jar;C:\Program Files\NetBeans 8.1\java\modules\ext\hibernate4\dom4j-1.6.1.jar;C:\Program Files\NetBeans 8.1\java\modules\ext\hibernate4\ehcache-core-2.4.3.jar;C:\Program Files\NetBeans 8.1\java\modules\ext\hibernate4\hibernate-ehcache-4.3.1.Final.jar;C:\Program Files\NetBeans 8.1\java\modules\ext\hibernate4\hibernate-core-4.3.1.Final.jar;C:\Program Files\NetBeans 8.1\java\modules\ext\hibernate4\jboss-logging-3.1.3.GA.jar;C:\Program Files\NetBeans 8.1\java\modules\ext\hibernate4\hibernate-commons-annotations-4.0.4.Final.jar;C:\Program Files\NetBeans 8.1\java\modules\ext\hibernate4\hibernate-entitymanager-4.3.1.Final.jar;C:\Program Files\NetBeans 8.1\java\modules\ext\hibernate4\javassist-3.18.1-GA.jar;C:\Program Files\NetBeans 8.1\java\modules\ext\hibernate4\jboss-transaction-api_1.2_spec-1.0.0.Final.jar;C:\Program Files\NetBeans 8.1\java\modules\ext\hibernate4\slf4j-api-1.6.1.jar;C:\Program Files\NetBeans 8.1\java\modules\ext\hibernate4\slf4j-simple-1.6.1.jar;C:\Program Files\NetBeans 8.1\java\modules\ext\hibernate4\hibernate-jpa-2.1-api-1.0.0.Final.jar" />
    <property name="dist.archive.excludes" value="" />
    <property name="libs.JAXB-ENDORSED.src" value="" />
    <property name="libs.testng.javadoc" value="C:\Program Files\NetBeans 8.1\platform\docs\testng-6.8.1-javadoc.zip" />
    <property name="libs.PostgreSQLDriver.classpath" value="C:\Program Files\NetBeans 8.1\ide\modules\ext\postgresql-9.2-1002.jdbc4.jar" />
    <property name="user.script" value="" />
    <property name="libs.hibernate4-persistencemodelgen.classpath" value="C:\Program Files\NetBeans 8.1\java\modules\ext\hibernate4\hibernate-jpamodelgen-4.3.1.Final.jar" />
    <property name="annotation.processing.source.output" value="build/generated-sources/ap-source-output" />
    <property name="build.dir" value="build" />
    <property name="libs.CopyLibs.src" value="" />
    <property name="ant.version" value="Apache Ant(TM) version 1.9.4 compiled on April 29 2014" />
    <property name="file.encoding" value="Cp1252" />
    <property name="build.classes.excludes" value="**/*.java,**/*.form" />
    <property name="jdkBug6558476" value="false" />
    <property name="javadoc.nonavbar" value="false" />
    <property name="platform.active" value="default_platform" />
    <property name="awt.toolkit" value="sun.awt.windows.WToolkit" />
  </properties>
  <testcase classname="sample.UtilsJUnit3Test" name="testWithTimeout" time="1.008" />
  <testcase classname="sample.UtilsJUnit3Test" name="DISABLED_testTemporarilyDisabled" time="0.01" />
  <testcase classname="sample.UtilsJUnit3Test" name="testExpectedException" time="0.001" />
  <testcase classname="sample.UtilsJUnit3Test" name="testHelloWorld" time="0.001" />
  <system-out><![CDATA[* UtilsJUnitTest: SetUp() method(
* UtilsJunit3Test: test method 2 -testWithTimeout()
computing10501!
10501! = 6706546485416374733168490131591508860663285618738607703138124712636347855721947872755330240404332495984536406863161933592377929379809583814308541588413659082674698148413143099867525253349712443627840116414535721535119975699179820670050706711152782163161976813493733231202244441340447695762965945519347750104101647156702593425425619107784430152824182450623817222675921556877411246318471645834719393843806344361276590011883659742280822295458630151708640656988342312921272977857987258635089983239443605690576181921720305600091168700300951298788328666332103287013009161588173484274696168184195496374897353213468782455980125133147838445683606923106990794346864705113100887129334528416092849156948300143556144520992385234245710694602329165693220495289130515119826314312571728502237851562640044453821622820558023572336311442843419807998067662052721445508176938953615781414644467887184440306830197800706176735580469432666877738197157279542250250200528052107699705624332025257817244876153024925030562182813779914052959608847544793991921309429573747763631126689104922749587905486937608874982507428631365615886288247302990164459985707708162843932650368776304244239465402283616691330524509688840351743730386913298277300235830057918812663086048084715050315447860595338168289596323619514585933589443092994331836743076499210967015088700270431076681446850409886279398035285106971242120514532985691643768613715384413307524125111476508006742746808966442023275930524254267323685228314360890994017160622768206346180978535461027213178782050689563485354646993902752198949884539445435596833314350202626115634400903849329201314287355225534057630498256765269521903655667286323889665458577925045192670005995393746719253763531623086158355771595800603000857829345950989422700956220013862741919358776390757114641483417703857173334993535136833289643182115051184123305845431383339494158429550692180961465073508281335645022704971791495860322664751367638934377677473036431197261568466180283542366935178636170648482546031578535490887208441969483249666090095335347682599701202967523492340356239415503854259408308026942824703599284641689865432488222869210613297770527084297356289166354203609214784283284489176160602960045532262158534694728528279510967463607709988925783975862808578893028874764906659179857318471965785101664540723831117968597645838001876576337760677427757100810559354934474493876352046430594259227433762589645643766381538038979634194044293542866748045575635450588686537545039680480744237134419251499142042804508755174354195532478701708386014336451287733301134333977942913657024155944602085425441032914310704742223179416546227780682227969686048143161121621704448508845958317240006066021355093884800429285989532669895126250022074044173143674925413341971668127800340184749783805499635827387309396709200719009948382494912115786039071169841973887397358065085567696811045902743224451538679986700549789384313979915762139520539340807941771533575757979522154209367783101594081525337461093402234764790910196945043771266766745170877366203356326179167050303190718243176600135179879654788177320518419271744409192493745994791273926222065263082966861894698665594699099865395226522194003532793280012226943296623419658014194673305164474495247702808354079126925363671142015780743476265455354698167233915020097386942957039190497181924065031904598611189772768520219236545781114713781008407934150812149306952698131435997741311717270138485008684946631169607070990000028100522079817059049634158727442624231578092454368431099408694478374511422650222413841620930888246433363800555208483130737503333912455273476030448354976392317695628655701107917751089540387055649311953798029773763192082195150930957994319181473697537575740187445656305443222520173865454227763667275988435740490802614580823105706796155101056583469436487732258746452704099205691086850488285255686984365299395271606996846352183506167957932922422539177116682424577231366328443441540788302293964164727102770296338619004022139794180590912503588123670007048064089983312907056532976973318375659743399644546275361841702289301244258589136061474754176208514578220843241290478761326356495761318824760350382837811426514595894525759628753311025852512666870051808130022269008387497713170640825978795652603580508193199772757757287739347662772098470327928120758581055945452664626245913704117826215404352379399745893402266825323578128889735897750992114628614463527038594708853483984793061095223628743990731660177866326414236024315581756752252279529811731757144699444271066491951695774077813971666558170610772650372698895579399375145934063498344393389864566059648092962554309532105942339493630746544322792487238764381955854570118168914642860991167075616513798098754068878780637221649716858270185962854965679524488133978893925699061943134727886132192167798787792827148461504886221007118116865955389104027588022767736301770460059665953030962211360229659035986219383393790240918188995690851484507548770041280303937959410772958859332287314390569796608966243481083054456091363182046660951801355232679599626340527009626176026841709981194018150405496744124425554752643100593166327125504816009462666597692253126981918886310707606167787322867539951128297146506244534591585134515088065221865907386441840250150774417862235865965472613013431518208548113292200128100167417116507036875449677366691102707037777860086926395746535268464263728943071773932776003628056639276419608070349215708696132104340958997876236903392020929271633538488126146045530473898861417765504430873714784040276289158233182258461601360311671432474254421526604546321580016520820846900423815476004449701840622580067148065301459999344775873330633986192846665994575033399293305736226714465748665131593909961511137275690591550175711167113735858828914190440881296992248067057338767788378636767488158661359428948840271830155984561984626361226366693896942579541168197929266488216666546325842858210087831884474776317086336913421338432135894807464567688365587022773713617371449173681406760620233213318825088570445438742142044473011311044680113717974499873149564126336468021269384059680211319478948260189409669343956860407240622163178799811184311308096156178676807523806735890365789455249371068045483277238575979728447220364071427463600695044934916218866665350417094442424343148339979502348736130224927246134502532884006161075736954440423988446177966491985406805131523619644833788196828856472123430717644429902563912261856958569664166129787351003721811675501834521359566056303536002952852952996342637316592533628953070449870918093923482596361135979488975743330483147061133852656302293305587087230676870597028480781505494430165929444414290111759872151127194338517918470922263542027217046057338995546763840737438267380580970765286423664681193395643698132895888979824283830542057074244983276646463265230832970621548910626903696326243306961411619884925196369645917931743946623333234819725404101783182459615177907584421460869250396371372977297242180951017505456011081735340647802771073775677749722949477760866835429445781096536012532255240928684834436013022266195419567394735012284523161578986126127539374485583354784985370121460177843932963080987177331375142355944772096193294086248788763736726452274215988787802251152044860981181844940178096926648190924864455516458006234199481166362897008310800526991154203341035571121745945229637372434363235659460018952190163717404314318252378931559396427287837066732301444287430372591021587627783649893415784813742482881126061083131934404298923809288097818008648507901162074758275064583022106563147744739487208480375699313512447652649223158661696821285893350307864172390272006349339795556497609262496288123108374461848865180432238601142132454821310069336568863018908293311348308387683218130271896781401902072573005341807927875394113338999875491658751881608455518924968406832097143113981083889093511885200315889361028226189005452387142449117339968212033774219901742535575985034883416604790068814040436392210819419553367805154873287846470918836408072097137469733624332686927903074783455414518154427772275982379847183024042815139679569226372318772767232303020998909000632232155839720037884921756647922481564849675382223415793206772984666572297015372635546166174609954242468300042126349609735318805512787439678820973265116438028437287192075550139707288332553512265330401537723100831141548749703504980517064231061711264801581533549773679437341377260566445833532745292273393923939580785132607588262667754111948287807604048035873037749730377742560881401512120676087571581124389832719171889582502790720978916837790226574772775724656660046776648641875374624345848613368657818117047755523478594875556580190543231369214179536411442716462931308133385520090362395536039074889020612780258198832623031424852458540513607460705756681656079881904694839822430874234565209344066860840930612698777533854505650953734307040040917800842376669502590426254054173507206087979886312366802544592010074787060190563989891351242161178429537446104929502632604235346226558750537837336646882235858118528027820216667341566159077195289798427455732558049396159297859495422677912166806895881290029270928121587702873580866208265746819864667041889301184649531698577260940033643039864934388983497985382752374814578758362034881642351849325354371438891771790419087619925985509142693230182600783473527527603480210734472279164360483458006727193357871216948163678687481807901527406989205499796740262805324245845818725369848293199634436807618496103889329699026564529863456477488297122530686224183030330271323247811655245518510898834087252508445725555142668733662294847141898841667930316642043296724462579007298425538163575867129025917508983395867102123013086251131206896243268925788896497365318499251047485639467481491982584991328318956160783082806866615167123555541507062037143334438953605531337256771588652817288476427553163091596397562373665779976030887892948072758960081573680617756582859779493942870444453726370443018083744340658113701217170461552846618897595090007595406373243893317023295509750861339902935797111402528317277033349229993404570986451291822171283585250216756345648388706448193288067947729482645874474199939906040053755497840352512280956739730710808342488804812060530405984685098385607989573035086962816239228089617608054402898393490337105893757420131312612976430869379168666534847495074386370362916382051952641194001212176015421632620822100960047738281369280853269592154644677377874738490619740798216443039112099366125620773244361738177811621964928238322149139220740403299345268555584283921941924268507960003747174607779771572453170890509269551280989420804270979893168867427473090062969001788157099814130220200435699430586482463777873358188214087484963609135320675235473159355013818475107051970965470280603507385149744002832831072212821877585172781835081978170679254196134363910656834718922479720258084414851195088480438281633730873419082515232126224038895245325190892362580517779336671843438705120355831743062713340391215104764645390633824820767176557757742472614816245239955161261342549579171746076996401694694468022724555266498905851216471893951874374539113775861464089924258764769642757697114254649252652356714266020354120703202815287847677458002031486861248854798148620106961279684735534908672257642012500397042406008929895067664432091123396084480830836814042633907586182750307665890853097805743724549625261621831687466919856763560815916446915499526461179875522945178464447627674794798556833040292628150010528160420678171253933945270110732479705695446537148973159752511736922005453193305771242910805086399198839905569301229240473309833300045672714135482910207404416917326914359481421338909182876053149152854875646694786991974545155861629748267274151399260812200196406422078102064748899043535402087621512311519105620798777018519015851852744106645209812128473215445378842979686826206678980811774646888800531459922486176467666431717203728958391743900618615194709376556056288271734678992702895698900795621599451963358626534117847638098942225432178908010480943019571504266681550419535871387843164907044340189367662350467949425584276497635695874994147002375649700461223388861385405436372813008356683508842887605130575699833732820692127033093493711400528636895787273568913555596084135814081245705528786568797116242743625265951104956544219625856380723551973413275925796122884302933163053438669048163294312477611724697836193757281403540678381607830910342950613837068226382939121475979460281312352214598814962881022521509442157431631228135321078662629187185483920234646192938734578125338565693239463460212993841374291338226593699558432386830305313531822593230616411437628710967649009529649136530614413566900691943880398834963644889744177738490453205308194040329755070998158618964726346818944035605211935439544149339549505032024027470301747118204803157179644722070385765279818949017672716827656129283871730466546644194230411921743013341641653052746597288951549398607216694104373360612980065022313336131218656820388228960390243081641266547801054522391662260375991355084069333402387114213816464811117897736201125397493878117648223890317860785334346447722910860528726725919696809647179176457515807803515518911106355929816291885326057484373660781242740456234480000937643575552470244253610207290721482511778113857036803549370189203588615970713298567697837379400828819672744697137543091896795084089502297147928905335118112691384573304247851753845463426482252693125003744396026548766914106250283768724420162554365078297329442372858853910720117927468121194143229218438365834114773838487233025440325477892507076356091893575617292819898818225095478158644655256553247594570803990670144750688876323992834744728810756722867398878202123243107641870566074869662126323377430120090784406471611992575773665545155193783903034829373762910037660390275120939648257594026704526909069561891549210844674935951221702542238961499692220046462584157646877638934993461712235517731207684946717915388613325278431171392866220179562978884033424749602201071424306949766168141737338972273293282877969129877023336424038922633063379223864442988986454115634894320251566895002411689575669970245024070790036837779668592559463870828278664056306398225877152021895131733147919190088217077586367897846375520538361487654898933304889641535871425770991482693868846730743067460230772024122091805723273180040268475273237244099887254969694259555179721885019536608070745148248746910288989427392860233026093085408707404205373445459201025434500457509974366916619312364976042169069439721733981959330224244558229900401166815583132672021727259023602296034529461150670048426199904513882737733077705363449684283576270248987302562479606093975931807211383561747428724955694058999440731647585942548363460486673119293395352591206027072190616084269093801956292871446259908783431631136776032964184580812260081571265452959082967722732347921039801327734453354991252879415004143169598962328173966807272052247850418948584406827388545505256258387099710637204478112353500075814092960318198796416394577928441481167435696147148612016977204394796082966267726423287455886295822563053728561291801997424872408469711773230806969857125068477405571016697696187073136036402918956528377934464919955171201392530900328518260138927500646074813462326858905737665701487035364136379732919455452608458679813101241262235335634790680397229714647992729712012634624590066853347696592231025423599950196390760850070179662313671497006002781229058069873899437624268232012723137717367156460150663056398413774150018778821693047329501131627288993127365671904228886794973055526696454717763777487526297144595083824944057447085055297418006207075931097900319688485921303089365514645624078017131214687362171166919565316467672208810978429165516626575086015227621327526922206324647383441354742537653576919940878447879816549477865772448249418962420748369882799424305222188158269043132435815780259317244241007014792422776070452660982539751348191604421874981889790079078520700786918218121202433833926083489181692447002153661410267428700734211120583088499694650837941943267080917994364945003764508846769356631994145944114530236495339465993627940451551989526478639894735132740288178689236585535676206419069440344541250475143892209197398278563520418569653233091667810145415261404465466634545125072444208479429714056449206779911176812328855495735027572541750725585725063762042278162651742652463278489783412152751364323854936175454337886733218290475737286097889410761817495396963945649617107014750739951499850027039536156226041109135405417240167475257474014026598024071314064299951898607024591251155241328917209054149789010864327639345445900541409569506269653382993694390226633134625258023412965553114277844985700281566729492749806977659943556256444147293764810587357870819928674503312513971312754286478176728559386221747984574002364561947179010795188455487116699203357942413532901241807476097646209229875779675218130695326508013990562051434102485696216644569192854855618317510754317228805751326075335395242986495293862070159507044007946649568924570316776754548548862631270466868655030654778392974756178773263278107908332727859752929944665428806413609745251829187363527019229959892591737317962150450550757332005155869622197006060482355820056536186241008019953026707791549574424181862833767729728694287570585211094680616379830060695333885503172097430339884435918689864868047376186062240392359202547534302525799626629290938476372148110753175599028971705918408934398865828781998383657516010175827173526369853935601300657682706787844111365259756429277028107326028978823152385987409479825472719075596810725858752399008629112114134133980012034860216502444527237238992677365433675306980611316692675675841133939296425218202539780312162984096484975555964305432485078308614774754006353342452721125974256621445819773255964996660802343007969395433620923373885786707629780431518500326419904362126190962254499281663277266996831175430057537555703406986096471297592307699818953808901225922351512186216618062944326542606445318675081817106016404472344029900775665519006833167414675915183190008571345739714616224490721402566727862438956353490668841833347208903563808396756326671361919912206692541541188658973956030866788604172468969260346370321167026764989653093444512593205348824175361150060421828884371320020189123954385008271774586783141457979531232536143855784672777039647453232489249786936848214861895631996875505706842281908112918516018048767318160778292515218500339549626506815942824144809261177892788513696137762489507219382376831113369810075350523844220574564300469243795642796399295380388532080327467725804289274723231208632896044200606463143689284574360372440617890909350406910399529931057717887094301894186660698376335530191116477058071598712768100211155743157937009543968082641479175387344110762979894019199430584409346867586422103464116395873688942987171719952464902482553824520600182156446067684562170614483524138474585655610962136389382519260863214918152780286293320446879410968799369290935153568303574097818231357072016646106223996459531243186267649706148923461118388914810534066729778513783497042089875950801140875951898268870774533608992569677602273006481165470304933763690998731922550057923673769039805554817347848058876006123201850553071121144364509432791329044533218139622544069046623896737237503853724487822209363443173227558960889069610906014680203887510032613882797648770861403727436102546433127028893484781187113208205756223059181737014721913149596913719442833299779075525012380057155488944049892076457240862033963448949516845525753932835810152355886115848655051302432056524122975712182321399937771764181907977195120566388314738252854673577379830873227564746541551746967281445525937358752103309386486658888583521561692748644894329655856081574172345997486481795132365158645488969041975427490372208901883794733111436026038105152705257326784996444313075011071358367831235541821823044339140437563676398147741473847127534844063021136773674639273824534012315020237053593121787223082938092041580426863313645192553936569906501336250446105846335760431880685326022586235736943798090710652680916357880207136260132006378581498145485646112469048817731817958656421333365097348057207033708943833029502741462874357614569220234971240011686530418994630245780375897608781214595287003696023394287810974345933543674451300409799921095000906209932626832099396458410174337706678528276199669763886400997031341470746065684377407502836468233244111183737484889414951604839897727751775095900035664563096442204092315003536398210771792314335309872328680781421442274148776312094392991817098917033054305921625418450649634057408128634888290496176985478136761224730965134000584792053605260223396511016326351967011655216733121764018182641538017809949912461139619678111640582092143822794461008905113450897316206429218333451690034094479172455918173064940370900566149263866692069110713760154164312133829215544841929002154431815259652742122415078941293627098033390857180185885003901889765525523579552235032834918001829389443788123318838643908062864253643411793779698585098385595369705137018988512851635510760185152705713913635226558087602738409720726529202140451092132077441289166308034357291387580737040914948102914612817521505234624793324814336762212636177034371370999799680914216628272635464952341326356275750285105745124849860304888863805765617210253420183104857807642038100079670832057751493039866335420606088044865897841757163070282533430246105150846433543604260199885202650246151955940785677401470139552875659921254093939342720539513390605376720471787742140389717610147946716542856570875256568562895225986811963931461430518246246303754711596668261122830846626885969904180666092150980998098864317754385810969556091998174823764480382184144796503434676773870686064966094194427463585587811877973317138800151280749687335496658115519739926850920228042854179107554981372831697948831667042823933462869322632026919673092378848301165304454014945949433660073686094330631329378458909329035990180601202053435087464305040581725002213316207303088278610823992149049872731745952877545589593441568983445854405900804467958838243051711351598826827114854837745471578324962293335786165960878168609535881364841210517668384126143800834494059135753281902019982407097996612149214804519277197266008675688899741280645513322855297575438796458310638941538796984954364098835810484170231563342009493118244200025505268105187557162640418306566691635483052597483286099716372495036375599216757721098043442006956724174596370476040516735925876261714014413924637490484445178807812961081269867004993249148494161633676836912118173411393387624854537035300494995427029181919769355416441970353126784874441532166326830529522333608159654619323546894080695104941585729308423617861118162083720533216484297768622440819872484431203057867351455819620988727092206854365272359307545068746710592398584855537396440782125202083049170151131833838647800935423540157225797843817775259699669262784647535205948228684502854096000710555300833766986219647459336019392690863758926402783194736045518116171757099162001472112722679701276833390171374416012821137542022655288318600641909750755372878674117590290476981020079521336188021575499730298729125722267360370283604679652448697821452189416314850610755984345408344068093916685217538258191367856085256892327756233726592743393676919776331319153074010813426933548094712888821729562204910710824142025881819291437726549928305741694254370479591330885528022261319466855971346251854572435028322604788486273303600234689655035544715498902466124400592594936456174980317475880374515203611184540168504625620490158590062684438946075731131980232757674334020299140649889432104985032222378317134163852186979032240436810902617428109019510294419369132484896439752863474914076387174931607127458824610672088947671952886126196354373318810477737223215758515843631936476969496246983182585507463382412553621351708654652237695078480047061422908272835336873058729857750573757320056539257108389348876441317777785409516235788485318968251981301121007466969160879855980862176094717186072765647193617055292828545397320547322208656751171707503798156992029611314496802586896643509614987717205460828723156799804700910699077998738070562608616411839078506253943349281247124986244077537399272344836619240619027166847520537355021600815276654351186556848951203987450670680649781154288224724840817093859233981569087962703047040800962495214630348306419507063400137330965474852552280604189734961648763921685335548736924720005947533455332574389290976191169916965476617230935409466259919757732222615966219968418148046848091648875638579234715551634581708076557145760682054961678215062759010124413051565437869580526103942419013019042978511553027415357094533477424722802453770531945384326872343058541621761261014617213844090905606835451080611709228180263736992208208458047172072154602200075176007921654162727657748444449366506750339575141345170367702056131888557724839773260135182058278097759410531800996525251012212091450195869782851183300804974413148596672135872035388782374294608631006716567210356343370834708437572940812710578537440684318326179178949716575465978049028579234216084815473594890254971388435069069764559296660197867800625494090211069357776936359016670922875213307889561529226557745927602774823944008936222332512219953043041955546026084030581982259728565468495550297789005093255123397840803164482073639353387285154771281021652461088649571750940345624147079005367680965021661497426428922047432397961494902740249286801007288636302769363742178218499746079885871022855216826767641002912380941063055422682130276404153481876296258333625556458738384427865569606423735059340140740749023400807157008507491919585887992000798295564031221491794655807842842381212544088877273821244850636373222806111890409931635892577249314238248580178100731982160041423549258010747484866095301738424491626814041803768426003777766828227882047038266997588566073554377256907484402319878678170568414279465329742323973318529140520529693881853303684057577496753872155371245746655139915415350244672495371527286932352259905008205195622569728461742809438009198552514773188242116783472122476578638577979872628995392131137144883864745352158203871040535345851240760692741585856291221295601984654352671964902274568749940901197945085650859439659233480453820456706892120434164952013250082121349545779275084005884121603191444678116681431850453189390815402842468850241450835046500634198483896673980970061665378647940632836660994252854179965227206273973621138096687655137685351236049940231751166762395474468492486861467838933979196489343468534669304903715980040033678769944321759078495205633485120758928788159108012337240379640453886199935762073172191823432723593085359426669446081154274981249166089426395826212428465832747607869913753143380213899903782987509065981629032861287081633036228777282389148098413249781375301589830664885983487552929013158965198955137014046581788313203904430575614391667093736243928360319198454126849947415915516915176941568391228817857832212769451038784296428439862473065255633219303267633309286406702492655349568744495447051373024706666301101881668761935985062362606947959299891338489081675481785228830226878399698323222834140014539313385753360282612283802480169119858382886612096150693737100292359707599677923490020184908875745952438015497134237036605206806720366447553528381804922551003123746881716801985088506211715490595716710386067933805669560702941297013834800385560182965398640750709549606835993521734000555215932759761116793143147376983098222595136012270854108780412979469389616512862277360077185652317743600338445172200485578242748908926724327280285985863539263902330283423034126364388029445320476660364423098791401112316894177044413431719335241621546233021330793005140414194595177752379398356792175538068165693524645407709893577178627013203412957688744810829984918753335995499133731687618305641600125873077926582903083996400884984977758968391069621790277217707381013841236947836308692918392748019982949738143536938076217169775739512740494209823835194960762008598721449101796943705716678330235049083149455421806348277731202177152959972419558558030527007974205961057503979435288504163187026926318279288081702429442586860335382014846843392066239732835834590335136544408820295286824335708256170829143688011738651274855074447306809266108521253574798870316760124863720101168213399589561490565675953410813504421128999731198149985606318649238646671792032888809415975598184891010685409665983887524775156742647941237359778530037880096001773060999347456859526475449533250366351800848365885772230398616159717911162667919712332834002495453504092051137145098934622242418125866698287518552314753779855008443399235018319723965294830189053379802912936907549116997571473598517888209345495926733069097685870904001838465236326512962415330152312984961816325723767908689132266053010152229344747480421050644750050978123610991987993721417157433682686954052956977204013272095806208294682510043569171889395053527344928350682033645077403224262251048038729095146537402826739257910332992735275658967284016591073495799843650647618670649855763736460217805842253709064547100769713390076637340095920754240088463890285614114206125677440120117343042601209311979236178966686894572085005390639927318096058471096813869471431949182294904115245557902714211979617916216200471328936789048765586613014829667795260083761785270965377036537925555189562793996051349147070384223972757765756668644719859218267911393069988321312979565976575759311143912370392072955471905887273248374406938091036112937317054666314301706131857708858533808539034699185158331164269420933381017702383411120324460180788031561343935033755852159995522212683428422244278204124355167661291315545670365076620878524365662862792689986366141450349213349508547883650568391357009125032638046870331195172545074210821847955520654141016667170494277249617069668649276353664289438002223903614105303851573490473217350147809272070983580480918371902106523822731496289186572233299943746171190428738628204842820097700577951954263011807310626476556008581734099522223153097166046386532596864968294805280029910785425398763403273825652556783179544962305248722696168017497363642263847893815010939657346747398174118519316427438902328521873832889624183721222371200070236837642808675458874658399886405476503485149737689013701546597727560061906971796777599231350179064226928029067117382650628481985367431585952641546551343339572937609658995805818386715964120963261609905690321475650421021470829778170714925522882922568354954041301907229417199960122590298368673474798365702211730833038316921279200325065415854057484703076573743776502976664081421088934354178344942207115841454486938405416730452791988538149532578758893508023796083815123357207126617785092658805238695035835749745818991971724775404477199684614090152455417044159783049925828042232820597135419664046548890289748439433082233627970863193953499555369920674259749207766138050941791922429034498953561743961441871070713444180883691263707420164862121723546296955874659054355276630707949255999800099548268614088342714540411668215656924616868859521811240447931774639876843820523442375242495495299055736651175111189228751769381598248542918981862804946314328303639503752912198980740031981954399234165736021407670391287289426918676611813406622210459169645498026521408636623736081891318477433495346380622476085125892806295530281627303137565177306828130512299951194213423159163749014243864724615030119246648826599223050590281555507164464772584773165490487929984040081784249567055903801546558176214972351233803817616624059965880105970665993963777874054286898223206458713375945772344304590734473384118067371003391813598447715782096117484311929940199099700019659606870641260787997340367898327831781058029617333453163562051414871408150417575907837924926228423630087724811083300787026286346249967410460280639056442575473978810763578264882161090667544452051484942064864764162429044344084807889699698134674578133778666033278633300041270519868606861592882188050294938689413775189582886206668068177773228567831735935429382105017080151244327155880803635174648868584663776166317942150782438108570448364823963653142944011569286354554591755690694371029667687182756265767226438688886331504207291960790771666606621513067622462081034988910884159365163080364488132935356294323694774571522638369062207673589642907709920842854375344682046413460012276365849263981497660250258983699282561858686813976772813164408236186291825762536361793692746332481706848564814038921321373216419343058384009986322818912004713743882680628955100724260349920662366975860217800573112359042904729512502868093189406064352857532401061461816366165349730789154352201264615040192596753424803912935732144458390205105066062983115443412456884198037616604233217245798033146903723113605441687787103471194168241120020771900469856481136014692942675661131759459823397212017906631121358759065487744745873041131589194244643321779740591030296682080211128085103423923943744933179355532562775664948371786632310600446927396076332492889254816446243545505640055028277425915878226845418061054273815305944338998630493919502866411908305917884256434881817634002895201767114264539515522090095757613637057354165006659503379000041864910155935546265147040602670194803653229741340885989054572049120823339229546406172150439833813379415123808454742716820358738326591638470506427798003663257128507396457739821757336534180644930137160740406448834062421326314177605803899980781082583124762278221297895229365839183709670659496760402361457247498948019651842661443293979517704810368340242642389856168051567788879991951588115644447107464033204856052316140707262878380370622229705292414692581182770363406020347821681810098677273782597502270218658887898285215454338290731337393984878864032809091059383987091227039204466964450630626493603780875420111379882995597054710032680932628132865890176531398423940470179656214765419249769871926557741610652339240403247760446839892546702468674020983001661688042145253229393131172428048481683555073740286613367047699120844262085801385518430948207281822496344316472272904428424042090696730929065604166038388826266306895111700985205252114074474598760430776215080158846842585927544819142685854564402149981337744294450725736017491825149713075513064788001967704912516259609534330446967375971884602089788604228224488124653773286408947145449937821107596535937794408786568737940045913150382593496678883651889921144109075344843693266619889587953101557895596021009685602847130738938697206605229152763458819344345349338392167644205107831348350635553905524663226595049282666947771182062586222819997043811149534013537894632540571307837059835524580723144022955546828526658703910665190885980776401464257597611478244752424143580675227290794940573927616888069123354517608143407798290849417366407646123677692098934427334353683676032728829098840507602294330705982794565035543964202329653461346833181165422608148643649598356475795441925634876365486973810178040064087092681409217919283831386994955919157787672559904271078173774476150807445024976990481268838675858660578581952572575988959259082494023459516260802481858655833187324825834837664066249029900165545260546368139316876361328808363808310460991345027327490521793866359341667612515470331037997847395848457448835858257411789358636674797833624975582728153989120000000000000000000000000000000000000000000000000000000000000000000000000000000000000000000000000000000000000000000000000000000000000000000000000000000000000000000000000000000000000000000000000000000000000000000000000000000000000000000000000000000000000000000000000000000000000000000000000000000000000000000000000000000000000000000000000000000000000000000000000000000000000000000000000000000000000000000000000000000000000000000000000000000000000000000000000000000000000000000000000000000000000000000000000000000000000000000000000000000000000000000000000000000000000000000000000000000000000000000000000000000000000000000000000000000000000000000000000000000000000000000000000000000000000000000000000000000000000000000000000000000000000000000000000000000000000000000000000000000000000000000000000000000000000000000000000000000000000000000000000000000000000000000000000000000000000000000000000000000000000000000000000000000000000000000000000000000000000000000000000000000000000000000000000000000000000000000000000000000000000000000000000000000000000000000000000000000000000000000000000000000000000000000000000000000000000000000000000000000000000000000000000000000000000000000000000000000000000000000000000000000000000000000000000000000000000000000000000000000000000000000000000000000000000000000000000000000000000000000000000000000000000000000000000000000000000000000000000000000000000000000000000000000000000000000000000000000000000000000000000000000000000000000000000000000000000000000000000000000000000000000000000000000000000000000000000000000000000000000000000000000000000000000000000000000000000000000000000000000000000000000000000000000000000000000000000000000000000000000000000000000000000000000000000000000000000000000000000000000000000000000000000000000000000000000000000000000000000000000000000000000000000000000000000000000000000000000000000000000000000000000000000000000000000000000000000000000000000000000000000000000000000000000000000000000000000000000000000000000000000000000000000000000000000000000000000000000000000000000000000000000000000000000000000000000000000000000000000000000000000000000000000000000000000000000000000000000000000000000000000000000000000000000000000000000000000000000000000000000000000000000000000000000000000000000000000000000000000000000000000000000000000000000000000000000000000000000000000000000000000000000000000000000000000000000000000000000000000000000000000000000000000000000000000000000000000000000000000000000000000000000000000000000000000000000000000000000000000000000000000000000000000000000000000000000000000000000000000000000000000000000000000000000000000000000000000000000
* UtilsJUnitTest: tearDown() method(
* UtilsJUnitTest: SetUp() method(
* UtilsJUnit3Test: test method 4 
* UtilsJUnitTest: tearDown() method(
* UtilsJUnitTest: SetUp() method(
* UtilsJUnit3Test: test method 3 testExpectedException()
* UtilsJUnitTest: tearDown() method(
* UtilsJUnitTest: SetUp() method(
* UtilsJUnitTest: test method 1 - testHelloWorld()
* UtilsJUnitTest: tearDown() method(
]]></system-out>
  <system-err><![CDATA[]]></system-err>
</testsuite>
