<?xml version="1.0" encoding="UTF-8" ?>
<testsuite errors="0" failures="1" hostname="Win7-PC" name="UtilsJUnit3Test" skipped="0" tests="4" time="1.15" timestamp="2016-05-09T21:46:15">
  <properties>
    <property name="netbeans.autoupdate.country" value="US" />
    <property name="nb.wait.for.caches" value="true" />
    <property name="javac.test.classpath" value=":build/classes:C:\Program Files\NetBeans 8.1\platform\modules\ext\junit-4.12.jar:C:\Program Files\NetBeans 8.1\platform\modules\ext\hamcrest-core-1.3.jar" />
    <property name="ant.core.lib" value="C:\Program Files\NetBeans 8.1\extide\ant\lib\ant.jar" />
    <property name="ant.file.JUnitSample" value="C:\Users\Win7\Documents\NetBeansProjects\JUnitSample\build.xml" />
    <property name="javadoc.windowtitle" value="" />
    <property name="user.dir" value="C:\Users\Win7\Documents\NetBeansProjects\JUnitSample" />
    <property name="java.vm.version" value="25.45-b02" />
    <property name="libs.MySQLDriver.classpath" value="C:\Program Files\NetBeans 8.1\ide\modules\ext\mysql-connector-java-5.1.23-bin.jar" />
    <property name="libs.eclipselinkmodelgen.src" value="" />
    <property name="javadoc.notree" value="false" />
    <property name="netbeans.autoupdate.version" value="1.23" />
    <property name="javac.profile.cmd.line.arg" value="" />
    <property name="jdk.home" value="C:\Program Files\Java\jdk1.8.0_45" />
    <property name="libs.javac-api.src" value="" />
    <property name="javadoc.noindex" value="false" />
    <property name="libs.jpa2-persistence.classpath" value="C:\Program Files\NetBeans 8.1\java\modules\ext\hibernate4\hibernate-jpa-2.1-api-1.0.0.Final.jar" />
    <property name="sun.os.patch.level" value="Service Pack 1" />
    <property name="java.vm.specification.name" value="Java Virtual Machine Specification" />
    <property name="nb.show.statistics.ui" value="usageStatisticsEnabled" />
    <property name="netbeans.autoupdate.variant" value="" />
    <property name="have.tests" value="true" />
    <property name="org.xml.sax.driver" value="com.sun.org.apache.xerces.internal.jaxp.SAXParserImpl$JAXPSAXParser" />
    <property name="libs.hamcrest.classpath" value="C:\Program Files\NetBeans 8.1\platform\modules\ext\hamcrest-core-1.3.jar" />
    <property name="libs.javac-api.javadoc" value="" />
    <property name="os.name" value="Windows 7" />
    <property name="libs.beans-binding.classpath" value="C:\Program Files\NetBeans 8.1\java\modules\ext\beansbinding-1.2.1.jar" />
    <property name="ap.proc.none.internal" value="" />
    <property name="libs.JWSAntTasks.maven-pom" value="" />
    <property name="libs.testng.src" value="" />
    <property name="java.vendor.url.bug" value="http://bugreport.sun.com/bugreport/" />
    <property name="libs.jaxb.maven-pom" value="" />
    <property name="os.arch" value="amd64" />
    <property name="libs.eclipselink.src" value="" />
    <property name="user.name" value="Win7" />
    <property name="copylibs.rebase" value="true" />
    <property name="libs.swing-layout.maven-pom" value="" />
    <property name="sun.java.command" value="org.apache.tools.ant.taskdefs.optional.junit.JUnitTestRunner UtilsJUnit3Test skipNonTests=false filtertrace=true haltOnError=false haltOnFailure=false showoutput=true outputtoformatters=true logfailedtests=true threadid=0 logtestlistenerevents=true formatter=org.apache.tools.ant.taskdefs.optional.junit.BriefJUnitResultFormatter formatter=org.apache.tools.ant.taskdefs.optional.junit.XMLJUnitResultFormatter,C:\Users\Win7\Documents\NetBeansProjects\JUnitSample\build\test\results\TEST-UtilsJUnit3Test.xml crashfile=C:\Users\Win7\Documents\NetBeansProjects\JUnitSample\build\junitvmwatcher4612073419534330444.properties propsfile=C:\Users\Win7\Documents\NetBeansProjects\JUnitSample\build\junit5175153785994322053.properties" />
    <property name="build.classes.dir" value="build/classes" />
    <property name="netbeans.accept_license_class" value="org.netbeans.license.AcceptLicense" />
    <property name="build.sysclasspath" value="ignore" />
    <property name="ap.supported.internal" value="true" />
    <property name="java.failonerror" value="true" />
    <property name="libs.jaxws21.javadoc" value="C:\Program Files\NetBeans 8.1\java\docs\jaxws-api-doc.zip" />
    <property name="includes" value="**" />
    <property name="user.country" value="US" />
    <property name="javadoc.encoding" value="UTF-8" />
    <property name="javac.classpath" value="" />
    <property name="libs.spring-framework400.classpath" value="C:\Program Files\NetBeans 8.1\ide\modules\org-apache-commons-logging.jar;C:\Program Files\NetBeans 8.1\java\modules\ext\cglib-2.2.jar;C:\Program Files\NetBeans 8.1\java\modules\ext\spring-4\spring-aop-4.0.1.RELEASE.jar;C:\Program Files\NetBeans 8.1\java\modules\ext\spring-4\spring-aspects-4.0.1.RELEASE.jar;C:\Program Files\NetBeans 8.1\java\modules\ext\spring-4\spring-beans-4.0.1.RELEASE.jar;C:\Program Files\NetBeans 8.1\java\modules\ext\spring-4\spring-build-src-4.0.1.RELEASE.jar;C:\Program Files\NetBeans 8.1\java\modules\ext\spring-4\spring-context-4.0.1.RELEASE.jar;C:\Program Files\NetBeans 8.1\java\modules\ext\spring-4\spring-context-support-4.0.1.RELEASE.jar;C:\Program Files\NetBeans 8.1\java\modules\ext\spring-4\spring-core-4.0.1.RELEASE.jar;C:\Program Files\NetBeans 8.1\java\modules\ext\spring-4\spring-expression-4.0.1.RELEASE.jar;C:\Program Files\NetBeans 8.1\java\modules\ext\spring-4\spring-framework-bom-4.0.1.RELEASE.jar;C:\Program Files\NetBeans 8.1\java\modules\ext\spring-4\spring-instrument-4.0.1.RELEASE.jar;C:\Program Files\NetBeans 8.1\java\modules\ext\spring-4\spring-instrument-tomcat-4.0.1.RELEASE.jar;C:\Program Files\NetBeans 8.1\java\modules\ext\spring-4\spring-jdbc-4.0.1.RELEASE.jar;C:\Program Files\NetBeans 8.1\java\modules\ext\spring-4\spring-jms-4.0.1.RELEASE.jar;C:\Program Files\NetBeans 8.1\java\modules\ext\spring-4\spring-messaging-4.0.1.RELEASE.jar;C:\Program Files\NetBeans 8.1\java\modules\ext\spring-4\spring-orm-4.0.1.RELEASE.jar;C:\Program Files\NetBeans 8.1\java\modules\ext\spring-4\spring-oxm-4.0.1.RELEASE.jar;C:\Program Files\NetBeans 8.1\java\modules\ext\spring-4\spring-test-4.0.1.RELEASE.jar;C:\Program Files\NetBeans 8.1\java\modules\ext\spring-4\spring-tx-4.0.1.RELEASE.jar;C:\Program Files\NetBeans 8.1\java\modules\ext\spring-4\spring-web-4.0.1.RELEASE.jar;C:\Program Files\NetBeans 8.1\java\modules\ext\spring-4\spring-webmvc-4.0.1.RELEASE.jar;C:\Program Files\NetBeans 8.1\java\modules\ext\spring-4\spring-webmvc-portlet-4.0.1.RELEASE.jar;C:\Program Files\NetBeans 8.1\java\modules\ext\spring-4\spring-websocket-4.0.1.RELEASE.jar" />
    <property name="debug-transport" value="dt_shmem" />
    <property name="netbeans.home" value="C:\Program Files\NetBeans 8.1\platform" />
    <property name="build.compiler.emacs" value="true" />
    <property name="java.endorsed.dirs" value="C:\Program Files\Java\jdk1.8.0_45\jre\lib\endorsed" />
    <property name="netbeans.dynamic.classpath" value="C:\Program Files\NetBeans 8.1\platform\core\asm-all-5.0.1.jar;C:\Program Files\NetBeans 8.1\platform\core\core-base.jar;C:\Program Files\NetBeans 8.1\platform\core\core.jar;C:\Program Files\NetBeans 8.1\platform\core\org-netbeans-libs-asm.jar;C:\Program Files\NetBeans 8.1\platform\core\org-openide-filesystems-compat8.jar;C:\Program Files\NetBeans 8.1\platform\core\org-openide-filesystems.jar;C:\Program Files\NetBeans 8.1\platform\core\locale\core-base_ja.jar;C:\Program Files\NetBeans 8.1\platform\core\locale\core-base_pt_BR.jar;C:\Program Files\NetBeans 8.1\platform\core\locale\core-base_ru.jar;C:\Program Files\NetBeans 8.1\platform\core\locale\core-base_zh_CN.jar;C:\Program Files\NetBeans 8.1\platform\core\locale\core_ja.jar;C:\Program Files\NetBeans 8.1\platform\core\locale\core_pt_BR.jar;C:\Program Files\NetBeans 8.1\platform\core\locale\core_ru.jar;C:\Program Files\NetBeans 8.1\platform\core\locale\core_zh_CN.jar;C:\Program Files\NetBeans 8.1\platform\core\locale\org-netbeans-libs-asm_ja.jar;C:\Program Files\NetBeans 8.1\platform\core\locale\org-netbeans-libs-asm_pt_BR.jar;C:\Program Files\NetBeans 8.1\platform\core\locale\org-netbeans-libs-asm_ru.jar;C:\Program Files\NetBeans 8.1\platform\core\locale\org-netbeans-libs-asm_zh_CN.jar;C:\Program Files\NetBeans 8.1\platform\core\locale\org-openide-filesystems-compat8_ja.jar;C:\Program Files\NetBeans 8.1\platform\core\locale\org-openide-filesystems-compat8_pt_BR.jar;C:\Program Files\NetBeans 8.1\platform\core\locale\org-openide-filesystems-compat8_ru.jar;C:\Program Files\NetBeans 8.1\platform\core\locale\org-openide-filesystems-compat8_zh_CN.jar;C:\Program Files\NetBeans 8.1\platform\core\locale\org-openide-filesystems_ja.jar;C:\Program Files\NetBeans 8.1\platform\core\locale\org-openide-filesystems_pt_BR.jar;C:\Program Files\NetBeans 8.1\platform\core\locale\org-openide-filesystems_ru.jar;C:\Program Files\NetBeans 8.1\platform\core\locale\org-openide-filesystems_zh_CN.jar;C:\Program Files\NetBeans 8.1\nb\core\org-netbeans-upgrader.jar;C:\Program Files\NetBeans 8.1\nb\core\locale\core_nb.jar;C:\Program Files\NetBeans 8.1\nb\core\locale\core_nb_ja.jar;C:\Program Files\NetBeans 8.1\nb\core\locale\core_nb_pt_BR.jar;C:\Program Files\NetBeans 8.1\nb\core\locale\core_nb_ru.jar;C:\Program Files\NetBeans 8.1\nb\core\locale\core_nb_zh_CN.jar;C:\Program Files\NetBeans 8.1\nb\core\locale\org-netbeans-upgrader_ja.jar;C:\Program Files\NetBeans 8.1\nb\core\locale\org-netbeans-upgrader_pt_BR.jar;C:\Program Files\NetBeans 8.1\nb\core\locale\org-netbeans-upgrader_ru.jar;C:\Program Files\NetBeans 8.1\nb\core\locale\org-netbeans-upgrader_zh_CN.jar" />
    <property name="java.vm.specification.version" value="1.8" />
    <property name="libs.hibernate4-support.src" value="" />
    <property name="netbeans.productversion" value="NetBeans IDE 8.1 (Build 201510222201)" />
    <property name="libs.jaxws21.src" value="" />
    <property name="do.archive" value="true" />
    <property name="netbeans.autoupdate.language" value="en" />
    <property name="java.vendor" value="Oracle Corporation" />
    <property name="jar.index.metainf" value="false" />
    <property name="javac.debug" value="true" />
    <property name="javadoc.splitindex" value="true" />
    <property name="file.separator" value="\" />
    <property name="libs.junit_4.maven-pom" value="" />
    <property name="mkdist.disabled" value="true" />
    <property name="javac.test.processorpath" value=":build/classes:C:\Program Files\NetBeans 8.1\platform\modules\ext\junit-4.12.jar:C:\Program Files\NetBeans 8.1\platform\modules\ext\hamcrest-core-1.3.jar" />
    <property name="netbeans.buildnumber" value="201510222201" />
    <property name="libs.JWSAntTasks.javadoc" value="" />
    <property name="build.generated.sources.dir" value="build/generated-sources" />
    <property name="user.variant" value="" />
    <property name="libs.eclipselinkmodelgen.classpath" value="C:\Program Files\NetBeans 8.1\java\modules\ext\eclipselink\org.eclipse.persistence.jpa.modelgen_2.5.2.v20140319-9ad6abd.jar" />
    <property name="sun.java.launcher" value="SUN_STANDARD" />
    <property name="libs.hibernate4-persistencemodelgen.javadoc" value="" />
    <property name="libs.jaxb.javadoc" value="C:\Program Files\NetBeans 8.1\ide\docs\jaxb-api-doc.zip" />
    <property name="ant.home" value="C:\Program Files\NetBeans 8.1\extide\ant" />
    <property name="libs.junit_4.src" value="C:\Program Files\NetBeans 8.1\platform\docs\junit-4.12-sources.jar" />
    <property name="libs.testng.classpath" value="C:\Program Files\NetBeans 8.1\platform\modules\ext\testng-6.8.1-dist.jar" />
    <property name="libs.absolutelayout.maven-pom" value="" />
    <property name="ant.java.version" value="1.8" />
    <property name="java.library.path" value="C:\Program Files\Java\jdk1.8.0_45\jre\bin;C:\Windows\Sun\Java\bin;C:\Windows\system32;C:\Windows;C:\ProgramData\Oracle\Java\javapath;C:\Program Files\ImageMagick-6.9.0-Q16;C:\Program Files (x86)\AMD APP\bin\x86_64;C:\Program Files (x86)\AMD APP\bin\x86;C:\Program Files (x86)\Intel\iCLS Client\;C:\Program Files\Intel\iCLS Client\;C:\Windows\system32;C:\Windows;C:\Windows\System32\Wbem;C:\Windows\System32\WindowsPowerShell\v1.0\;C:\Program Files\Intel\Intel(R) Management Engine Components\DAL;C:\Program Files\Intel\Intel(R) Management Engine Components\IPT;C:\Program Files (x86)\Intel\Intel(R) Management Engine Components\DAL;C:\Program Files (x86)\Intel\Intel(R) Management Engine Components\IPT;C:\Program Files (x86)\ATI Technologies\ATI.ACE\Core-Static;C:\Program Files (x86)\QuickTime\QTSystem\;C:\Program Files (x86)\Skype\Phone\;C:\Program Files\Git\cmd;C:\Windows\system32\config\systemprofile\.dnx\bin;C:\Program Files\Microsoft DNX\Dnvm\;C:\Program Files\Microsoft SQL Server\130\Tools\Binn\;C:\Program Files\Microsoft SQL Server\120\Tools\Binn\;." />
    <property name="javadoc.author" value="false" />
    <property name="java.util.logging.config.class" value="org.netbeans.core.startup.TopLogging" />
    <property name="libs.spring-framework400.src" value="" />
    <property name="libs.PostgreSQLDriver.src" value="" />
    <property name="sun.arch.data.model" value="64" />
    <property name="basedir" value="C:\Users\Win7\Documents\NetBeansProjects\JUnitSample" />
    <property name="libs.jpa20-persistence.maven-pom" value="" />
    <property name="jar.compress" value="false" />
    <property name="path.separator" value=";" />
    <property name="ant.junit.enabletestlistenerevents" value="true" />
    <property name="sun.io.unicode.encoding" value="UnicodeLittle" />
    <property name="libs.jaxws21.classpath" value="C:\Program Files\NetBeans 8.1\ide\modules\ext\jaxb\jaxb-impl.jar;C:\Program Files\NetBeans 8.1\ide\modules\ext\jaxb\jaxb-xjc.jar;C:\Program Files\NetBeans 8.1\java\modules\ext\jaxws22\FastInfoset.jar;C:\Program Files\NetBeans 8.1\java\modules\ext\jaxws22\gmbal-api-only.jar;C:\Program Files\NetBeans 8.1\java\modules\ext\jaxws22\ha-api.jar;C:\Program Files\NetBeans 8.1\java\modules\ext\jaxws22\javax.mail_1.4.jar;C:\Program Files\NetBeans 8.1\java\modules\ext\jaxws22\jaxws-rt.jar;C:\Program Files\NetBeans 8.1\java\modules\ext\jaxws22\jaxws-tools.jar;C:\Program Files\NetBeans 8.1\java\modules\ext\jaxws22\management-api.jar;C:\Program Files\NetBeans 8.1\java\modules\ext\jaxws22\mimepull.jar;C:\Program Files\NetBeans 8.1\java\modules\ext\jaxws22\policy.jar;C:\Program Files\NetBeans 8.1\java\modules\ext\jaxws22\saaj-impl.jar;C:\Program Files\NetBeans 8.1\java\modules\ext\jaxws22\stax-ex.jar;C:\Program Files\NetBeans 8.1\java\modules\ext\jaxws22\stax2-api.jar;C:\Program Files\NetBeans 8.1\java\modules\ext\jaxws22\streambuffer.jar;C:\Program Files\NetBeans 8.1\java\modules\ext\jaxws22\woodstox-core-asl.jar;C:\Program Files\NetBeans 8.1\java\modules\ext\jaxws22\api\jaxws-api.jar;C:\Program Files\NetBeans 8.1\java\modules\ext\jaxws22\api\jsr181-api.jar;C:\Program Files\NetBeans 8.1\java\modules\ext\jaxws22\api\javax.annotation.jar;C:\Program Files\NetBeans 8.1\java\modules\ext\jaxws22\api\saaj-api.jar;C:\Program Files\NetBeans 8.1\ide\modules\ext\jaxb\activation.jar;C:\Program Files\NetBeans 8.1\ide\modules\ext\jaxb\api\jaxb-api.jar;C:\Program Files\NetBeans 8.1\ide\modules\ext\jaxb\api\jsr173_1.0_api.jar" />
    <property name="compile.on.save" value="true" />
    <property name="apple.awt.graphics.UseQuartz" value="true" />
    <property name="user.language" value="en" />
    <property name="testng.mode" value="testng" />
    <property name="libs.JAXB-ENDORSED.maven-pom" value="" />
    <property name="libs.eclipselink.maven-pom" value="" />
    <property name="test.binaryincludes" value="&lt;nothing&gt;" />
    <property name="libs.spring-framework300.maven-pom" value="" />
    <property name="run.test.classpath" value=":build/classes:C:\Program Files\NetBeans 8.1\platform\modules\ext\junit-4.12.jar:C:\Program Files\NetBeans 8.1\platform\modules\ext\hamcrest-core-1.3.jar:build/test/classes" />
    <property name="ant.project.invoked-targets" value="test" />
    <property name="test.binaryexcludes" value="" />
    <property name="libs.swing-layout.javadoc" value="C:\Program Files\NetBeans 8.1\platform\docs\swing-layout-1.0.4-doc.zip" />
    <property name="sun.java2d.dpiaware" value="true" />
    <property name="libs.hibernate4-persistence.maven-pom" value="" />
    <property name="https.nonProxyHosts" value="localhost|127.0.0.1|Win7-PC" />
    <property name="libs.PostgreSQLDriver.maven-pom" value="" />
    <property name="java.class.version" value="52.0" />
    <property name="libs.hibernate4-persistencemodelgen.maven-pom" value="" />
    <property name="libs.eclipselink.javadoc" value="C:\Program Files\NetBeans 8.1\java\modules\ext\docs\javax.persistence-2.1.0-doc.zip" />
    <property name="user.properties.file" value="C:\Users\Win7\AppData\Roaming\NetBeans\8.1\build.properties" />
    <property name="runtime.encoding" value="UTF-8" />
    <property name="libs.javac-api.maven-pom" value="" />
    <property name="file.encoding.pkg" value="sun.io" />
    <property name="sun.cpu.endian" value="little" />
    <property name="libs.JAXB-ENDORSED.javadoc" value="" />
    <property name="libs.JWSAntTasks.classpath" value="C:\Program Files\NetBeans 8.1\java\ant\extra\org-netbeans-modules-javawebstart-anttasks.jar" />
    <property name="libs.spring-framework300.src" value="" />
    <property name="empty.dir" value="C:\Users\Win7\Documents\NetBeansProjects\JUnitSample\build\empty" />
    <property name="version-output" value="java version &quot;1.8" />
    <property name="test.binarytestincludes" value="" />
    <property name="libs.hibernate4-persistencemodelgen.src" value="" />
    <property name="javadoc.preview" value="true" />
    <property name="libs.jpa20-persistence.javadoc" value="C:\Program Files\NetBeans 8.1\java\modules\ext\docs\javax.persistence-2.1.0-doc.zip" />
    <property name="java.home" value="C:\Program Files\Java\jdk1.8.0_45\jre" />
    <property name="debug.test.classpath" value=":build/classes:C:\Program Files\NetBeans 8.1\platform\modules\ext\junit-4.12.jar:C:\Program Files\NetBeans 8.1\platform\modules\ext\hamcrest-core-1.3.jar:build/test/classes" />
    <property name="netbeans.importclass" value="org.netbeans.upgrade.AutoUpgrade" />
    <property name="ant.project.default-target" value="default" />
    <property name="annotation.processing.run.all.processors" value="true" />
    <property name="libs.PostgreSQLDriver.javadoc" value="" />
    <property name="libs.MySQLDriver.maven-pom" value="" />
    <property name="libs.hibernate4-persistence.javadoc" value="C:\Program Files\NetBeans 8.1\java\modules\ext\docs\javax.persistence-2.1.0-doc.zip" />
    <property name="http.nonProxyHosts" value="localhost|127.0.0.1|Win7-PC" />
    <property name="libs.junit_4.javadoc" value="C:\Program Files\NetBeans 8.1\platform\docs\junit-4.12-javadoc.jar" />
    <property name="run.classpath" value=":build/classes" />
    <property name="jna.boot.library.name" value="jnidispatch-410" />
    <property name="sun.awt.datatransfer.timeout" value="1000" />
    <property name="libs.jpa2-persistence.maven-pom" value="" />
    <property name="annotation.processing.enabled.in.editor" value="false" />
    <property name="libs.hibernate4-support.classpath" value="C:\Program Files\NetBeans 8.1\java\modules\ext\hibernate4\antlr-2.7.7.jar;C:\Program Files\NetBeans 8.1\java\modules\ext\hibernate4\c3p0-0.9.2.1.jar;C:\Program Files\NetBeans 8.1\java\modules\ext\hibernate4\hibernate-c3p0-4.3.1.Final.jar;C:\Program Files\NetBeans 8.1\java\modules\ext\hibernate4\mchange-commons-java-0.2.3.4.jar;C:\Program Files\NetBeans 8.1\java\modules\ext\hibernate4\dom4j-1.6.1.jar;C:\Program Files\NetBeans 8.1\java\modules\ext\hibernate4\ehcache-core-2.4.3.jar;C:\Program Files\NetBeans 8.1\java\modules\ext\hibernate4\hibernate-ehcache-4.3.1.Final.jar;C:\Program Files\NetBeans 8.1\java\modules\ext\hibernate4\hibernate-core-4.3.1.Final.jar;C:\Program Files\NetBeans 8.1\java\modules\ext\hibernate4\jboss-logging-3.1.3.GA.jar;C:\Program Files\NetBeans 8.1\java\modules\ext\hibernate4\hibernate-commons-annotations-4.0.4.Final.jar;C:\Program Files\NetBeans 8.1\java\modules\ext\hibernate4\hibernate-entitymanager-4.3.1.Final.jar;C:\Program Files\NetBeans 8.1\java\modules\ext\hibernate4\javassist-3.18.1-GA.jar;C:\Program Files\NetBeans 8.1\java\modules\ext\hibernate4\jboss-transaction-api_1.2_spec-1.0.0.Final.jar;C:\Program Files\NetBeans 8.1\java\modules\ext\hibernate4\slf4j-api-1.6.1.jar;C:\Program Files\NetBeans 8.1\java\modules\ext\hibernate4\slf4j-simple-1.6.1.jar" />
    <property name="nb.native.filechooser" value="false" />
    <property name="sun.management.compiler" value="HotSpot 64-Bit Tiered Compilers" />
    <property name="javac.deprecation" value="false" />
    <property name="javadoc.use" value="true" />
    <property name="sun.java2d.noddraw" value="true" />
    <property name="javac.processorpath" value="" />
    <property name="ant.file.type.JUnitSample" value="file" />
    <property name="libs.hamcrest.maven-pom" value="" />
    <property name="javac.compilerargs" value="" />
    <property name="svnkit.http.methods" value="Basic" />
    <property name="ant.file" value="C:\Users\Win7\Documents\NetBeansProjects\JUnitSample\build.xml" />
    <property name="libs.beans-binding.maven-pom" value="" />
    <property name="libs.hibernate4-support.javadoc" value="C:\Program Files\NetBeans 8.1\java\modules\ext\docs\javax.persistence-2.1.0-doc.zip" />
    <property name="libs.beans-binding.src" value="" />
    <property name="java.vm.specification.vendor" value="Oracle Corporation" />
    <property name="libs.swing-layout.src" value="C:\Program Files\NetBeans 8.1\platform\docs\swing-layout-1.0.4-src.zip" />
    <property name="org.openide.major.version" value="IDE/1" />
    <property name="java.vm.name" value="Java HotSpot(TM) 64-Bit Server VM" />
    <property name="netbeans.user" value="C:\Users\Win7\AppData\Roaming\NetBeans\8.1" />
    <property name="javadoc.additionalparam" value="" />
    <property name="java.io.tmpdir" value="C:\Users\Win7\AppData\Local\Temp\" />
    <property name="java.vendor.url" value="http://java.oracle.com/" />
    <property name="endorsed.classpath.cmd.line.arg" value="" />
    <property name="junit.available" value="true" />
    <property name="org.openide.awt.ActionReference.completion" value="org.netbeans.modules.apisupport.project.layers.PathCompletions" />
    <property name="sun.boot.library.path" value="C:\Program Files\Java\jdk1.8.0_45\jre\bin" />
    <property name="have.sources" value="true" />
    <property name="libs.hamcrest.javadoc" value="" />
    <property name="debug.classpath" value=":build/classes" />
    <property name="javac.external.vm" value="true" />
    <property name="javadoc.private" value="false" />
    <property name="test.src.dir" value="test" />
    <property name="ap.processors.internal" value="" />
    <property name="meta.inf.dir" value="src/META-INF" />
    <property name="javadoc.encoding.used" value="UTF-8" />
    <property name="dist.jar" value="dist/JUnitSample.jar" />
    <property name="libs.spring-framework400.maven-pom" value="" />
    <property name="java.runtime.name" value="Java(TM) SE Runtime Environment" />
    <property name="ant.project.name" value="JUnitSample" />
    <property name="netbeans.hash.code" value="unique=NB_EXTIDE_JAVA03b937df3-6cbe-4088-ab9c-8cc51e6c5766_13280276-c125-420c-9577-c10580a12054" />
    <property name="netbeans.default_userdir_root" value="C:\Users\Win7\AppData\Roaming\NetBeans" />
    <property name="sun.cpu.isalist" value="amd64" />
    <property name="libs.spring-framework400.javadoc" value="" />
    <property name="libs.CopyLibs.javadoc" value="" />
    <property name="org.openide.specification.version" value="6.2" />
    <property name="user.home" value="C:\Users\Win7" />
    <property name="annotation.processing.processors.list" value="" />
    <property name="debug-args-line" value="-Xdebug" />
    <property name="libs.JWSAntTasks.src" value="" />
    <property name="jar.index" value="false" />
    <property name="libs.CopyLibs.maven-pom" value="" />
    <property name="libs.spring-framework300.javadoc" value="" />
    <property name="libs.absolutelayout.javadoc" value="" />
    <property name="java.specification.name" value="Java Platform API Specification" />
    <property name="java.specification.vendor" value="Oracle Corporation" />
    <property name="libs.javac-api.classpath" value="C:\Program Files\NetBeans 8.1\java\modules\ext\nb-javac-api.jar" />
    <property name="ant.file.type.JUnitSample-impl" value="file" />
    <property name="java.version" value="1.8.0_45" />
    <property name="run.jvmargs.ide" value="" />
    <property name="javadoc.version" value="false" />
    <property name="libs.MySQLDriver.javadoc" value="" />
    <property name="org.openide.version" value="deprecated" />
    <property name="platform.java" value="C:\Program Files\Java\jdk1.8.0_45\jre/bin/java" />
    <property name="source.encoding" value="UTF-8" />
    <property name="ap.cmd.line.internal" value="" />
    <property name="libs.eclipselinkmodelgen.maven-pom" value="" />
    <property name="libs.eclipselinkmodelgen.javadoc" value="" />
    <property name="netbeans.home+have.tests" value="true" />
    <property name="annotation.processing.processor.options" value="" />
    <property name="libs.testng.maven-pom" value="" />
    <property name="libs.jaxb.src" value="" />
    <property name="work.dir" value="C:\Users\Win7\Documents\NetBeansProjects\JUnitSample" />
    <property name="libs.jaxb.classpath" value="C:\Program Files\NetBeans 8.1\ide\modules\ext\jaxb\jaxb-impl.jar;C:\Program Files\NetBeans 8.1\ide\modules\ext\jaxb\jaxb-xjc.jar;C:\Program Files\NetBeans 8.1\ide\modules\ext\jaxb\jaxb1-impl.jar;C:\Program Files\NetBeans 8.1\ide\modules\ext\jaxb\activation.jar;C:\Program Files\NetBeans 8.1\ide\modules\ext\jaxb\api\jaxb-api.jar;C:\Program Files\NetBeans 8.1\ide\modules\ext\jaxb\api\jsr173_1.0_api.jar" />
    <property name="do.depend" value="false" />
    <property name="dist.javadoc.dir" value="dist/javadoc" />
    <property name="libs.swing-layout.classpath" value="C:\Program Files\NetBeans 8.1\platform\modules\ext\swing-layout-1.0.4.jar" />
    <property name="build.generated.dir" value="build/generated" />
    <property name="javac.source" value="1.8" />
    <property name="line.separator" value="&#xd;&#xa;" />
    <property name="java.specification.version" value="1.8" />
    <property name="libs.jaxws21.maven-pom" value="" />
    <property name="java.vm.info" value="mixed mode" />
    <property name="nb.junit.batch" value="true" />
    <property name="junit.forkmode" value="perTest" />
    <property name="sun.boot.class.path" value="C:\Program Files\Java\jdk1.8.0_45\jre\lib\resources.jar;C:\Program Files\Java\jdk1.8.0_45\jre\lib\rt.jar;C:\Program Files\Java\jdk1.8.0_45\jre\lib\sunrsasign.jar;C:\Program Files\Java\jdk1.8.0_45\jre\lib\jsse.jar;C:\Program Files\Java\jdk1.8.0_45\jre\lib\jce.jar;C:\Program Files\Java\jdk1.8.0_45\jre\lib\charsets.jar;C:\Program Files\Java\jdk1.8.0_45\jre\lib\jfr.jar;C:\Program Files\Java\jdk1.8.0_45\jre\classes" />
    <property name="javac.target" value="1.8" />
    <property name="built-jar.properties" value="C:\Users\Win7\Documents\NetBeansProjects\JUnitSample\build\built-jar.properties" />
    <property name="build.test.classes.dir" value="build/test/classes" />
    <property name="src.dir" value="src" />
    <property name="annotation.processing.enabled" value="true" />
    <property name="libs.jpa2-persistence.src" value="" />
    <property name="sun.awt.keepWorkingSetOnMinimize" value="true" />
    <property name="libs.jpa20-persistence.src" value="" />
    <property name="ignore.failing.tests" value="true" />
    <property name="dist.dir" value="dist" />
    <property name="testng.debug.mode" value="" />
    <property name="javac.fork" value="true" />
    <property name="java.awt.printerjob" value="sun.awt.windows.WPrinterJob" />
    <property name="default.javac.source" value="1.8" />
    <property name="debug-transport-by-os" value="dt_shmem" />
    <property name="libs.MySQLDriver.src" value="" />
    <property name="sun.jnu.encoding" value="Cp1252" />
    <property name="java.runtime.version" value="1.8.0_45-b14" />
    <property name="build.test.results.dir" value="build/test/results" />
    <property name="default.javac.target" value="1.8" />
    <property name="libs.junit_4.classpath" value="C:\Program Files\NetBeans 8.1\platform\modules\ext\junit-4.12.jar" />
    <property name="user.timezone" value="Europe/Belgrade" />
    <property name="nb.junit.single" value="false" />
    <property name="netbeans.dirs" value="C:\Program Files\NetBeans 8.1\nb;C:\Program Files\NetBeans 8.1\ergonomics;C:\Program Files\NetBeans 8.1\ide;C:\Program Files\NetBeans 8.1\extide;C:\Program Files\NetBeans 8.1\java;C:\Program Files\NetBeans 8.1\apisupport;C:\Program Files\NetBeans 8.1\webcommon;C:\Program Files\NetBeans 8.1\websvccommon;C:\Program Files\NetBeans 8.1\enterprise;C:\Program Files\NetBeans 8.1\mobility;C:\Program Files\NetBeans 8.1\profiler;C:\Program Files\NetBeans 8.1\python;C:\Program Files\NetBeans 8.1\php;C:\Program Files\NetBeans 8.1\identity;C:\Program Files\NetBeans 8.1\harness;C:\Program Files\NetBeans 8.1\cnd;C:\Program Files\NetBeans 8.1\cndext;C:\Program Files\NetBeans 8.1\dlight;C:\Program Files\NetBeans 8.1\groovy;C:\Program Files\NetBeans 8.1\extra;C:\Program Files\NetBeans 8.1\javacard;C:\Program Files\NetBeans 8.1\javafx" />
    <property name="java.ext.dirs" value="C:\Program Files\Java\jdk1.8.0_45\jre\lib\ext;C:\Windows\Sun\Java\lib\ext" />
    <property name="libs.absolutelayout.classpath" value="C:\Program Files\NetBeans 8.1\java\modules\ext\AbsoluteLayout.jar" />
    <property name="excludes" value="" />
    <property name="libs.jpa2-persistence.javadoc" value="C:\Program Files\NetBeans 8.1\java\modules\ext\docs\javax.persistence-2.1.0-doc.zip" />
    <property name="ant.file.JUnitSample-impl" value="C:\Users\Win7\Documents\NetBeansProjects\JUnitSample\nbproject\build-impl.xml" />
    <property name="java.class.path" value="C:\Users\Win7\Documents\NetBeansProjects\JUnitSample\build\classes;C:\Program Files\NetBeans 8.1\platform\modules\ext\junit-4.12.jar;C:\Program Files\NetBeans 8.1\platform\modules\ext\hamcrest-core-1.3.jar;C:\Users\Win7\Documents\NetBeansProjects\JUnitSample\build\test\classes;C:\Program Files\NetBeans 8.1\extide\ant\lib\ant-launcher.jar;C:\Program Files\NetBeans 8.1\extide\ant\lib\ant.jar;C:\Program Files\NetBeans 8.1\extide\ant\lib\ant-junit.jar;C:\Program Files\NetBeans 8.1\extide\ant\lib\ant-junit4.jar" />
    <property name="apple.laf.useScreenMenuBar" value="true" />
    <property name="libs.absolutelayout.src" value="" />
    <property name="libs.jpa20-persistence.classpath" value="C:\Program Files\NetBeans 8.1\java\modules\ext\eclipselink\javax.persistence_2.1.0.v201304241213.jar" />
    <property name="os.version" value="6.1" />
    <property name="application.args" value="" />
    <property name="sun.awt.enableExtraMouseButtons" value="true" />
    <property name="sun.desktop" value="windows" />
    <property name="libs.hibernate4-persistence.src" value="" />
    <property name="libs.hibernate4-support.maven-pom" value="" />
    <property name="nb.internal.action.name" value="test" />
    <property name="libs.JAXB-ENDORSED.classpath" value="C:\Program Files\NetBeans 8.1\ide\modules\ext\jaxb\api\jaxb-api.jar" />
    <property name="libs.eclipselink.classpath" value="C:\Program Files\NetBeans 8.1\java\modules\ext\eclipselink\eclipselink.jar;C:\Program Files\NetBeans 8.1\java\modules\ext\eclipselink\javax.persistence_2.1.0.v201304241213.jar;C:\Program Files\NetBeans 8.1\java\modules\ext\eclipselink\org.eclipse.persistence.jpa.jpql_2.5.2.v20140319-9ad6abd.jar" />
    <property name="java.awt.graphicsenv" value="sun.awt.Win32GraphicsEnvironment" />
    <property name="libs.beans-binding.javadoc" value="C:\Program Files\NetBeans 8.1\java\docs\beansbinding-1.2.1-doc.zip" />
    <property name="java.vm.vendor" value="Oracle Corporation" />
    <property name="libs.CopyLibs.classpath" value="C:\Program Files\NetBeans 8.1\java\ant\extra\org-netbeans-modules-java-j2seproject-copylibstask.jar" />
    <property name="libs.spring-framework300.classpath" value="C:\Program Files\NetBeans 8.1\ide\modules\org-apache-commons-logging.jar;C:\Program Files\NetBeans 8.1\java\modules\ext\cglib-2.2.jar;C:\Program Files\NetBeans 8.1\java\modules\ext\spring-3.0\spring-aop-3.2.7.RELEASE.jar;C:\Program Files\NetBeans 8.1\java\modules\ext\spring-3.0\spring-aspects-3.2.7.RELEASE.jar;C:\Program Files\NetBeans 8.1\java\modules\ext\spring-3.0\spring-beans-3.2.7.RELEASE.jar;C:\Program Files\NetBeans 8.1\java\modules\ext\spring-3.0\spring-build-src-3.2.7.RELEASE.jar;C:\Program Files\NetBeans 8.1\java\modules\ext\spring-3.0\spring-context-3.2.7.RELEASE.jar;C:\Program Files\NetBeans 8.1\java\modules\ext\spring-3.0\spring-context-support-3.2.7.RELEASE.jar;C:\Program Files\NetBeans 8.1\java\modules\ext\spring-3.0\spring-core-3.2.7.RELEASE.jar;C:\Program Files\NetBeans 8.1\java\modules\ext\spring-3.0\spring-expression-3.2.7.RELEASE.jar;C:\Program Files\NetBeans 8.1\java\modules\ext\spring-3.0\spring-framework-bom-3.2.7.RELEASE.jar;C:\Program Files\NetBeans 8.1\java\modules\ext\spring-3.0\spring-instrument-3.2.7.RELEASE.jar;C:\Program Files\NetBeans 8.1\java\modules\ext\spring-3.0\spring-instrument-tomcat-3.2.7.RELEASE.jar;C:\Program Files\NetBeans 8.1\java\modules\ext\spring-3.0\spring-jdbc-3.2.7.RELEASE.jar;C:\Program Files\NetBeans 8.1\java\modules\ext\spring-3.0\spring-jms-3.2.7.RELEASE.jar;C:\Program Files\NetBeans 8.1\java\modules\ext\spring-3.0\spring-orm-3.2.7.RELEASE.jar;C:\Program Files\NetBeans 8.1\java\modules\ext\spring-3.0\spring-oxm-3.2.7.RELEASE.jar;C:\Program Files\NetBeans 8.1\java\modules\ext\spring-3.0\spring-struts-3.2.7.RELEASE.jar;C:\Program Files\NetBeans 8.1\java\modules\ext\spring-3.0\spring-test-3.2.7.RELEASE.jar;C:\Program Files\NetBeans 8.1\java\modules\ext\spring-3.0\spring-tx-3.2.7.RELEASE.jar;C:\Program Files\NetBeans 8.1\java\modules\ext\spring-3.0\spring-web-3.2.7.RELEASE.jar;C:\Program Files\NetBeans 8.1\java\modules\ext\spring-3.0\spring-webmvc-3.2.7.RELEASE.jar;C:\Program Files\NetBeans 8.1\java\modules\ext\spring-3.0\spring-webmvc-portlet-3.2.7.RELEASE.jar" />
    <property name="libs.hamcrest.src" value="" />
    <property name="run.jvmargs" value="" />
    <property name="libs.hibernate4-persistence.classpath" value="C:\Program Files\NetBeans 8.1\java\modules\ext\hibernate4\antlr-2.7.7.jar;C:\Program Files\NetBeans 8.1\java\modules\ext\hibernate4\c3p0-0.9.2.1.jar;C:\Program Files\NetBeans 8.1\java\modules\ext\hibernate4\hibernate-c3p0-4.3.1.Final.jar;C:\Program Files\NetBeans 8.1\java\modules\ext\hibernate4\mchange-commons-java-0.2.3.4.jar;C:\Program Files\NetBeans 8.1\java\modules\ext\hibernate4\dom4j-1.6.1.jar;C:\Program Files\NetBeans 8.1\java\modules\ext\hibernate4\ehcache-core-2.4.3.jar;C:\Program Files\NetBeans 8.1\java\modules\ext\hibernate4\hibernate-ehcache-4.3.1.Final.jar;C:\Program Files\NetBeans 8.1\java\modules\ext\hibernate4\hibernate-core-4.3.1.Final.jar;C:\Program Files\NetBeans 8.1\java\modules\ext\hibernate4\jboss-logging-3.1.3.GA.jar;C:\Program Files\NetBeans 8.1\java\modules\ext\hibernate4\hibernate-commons-annotations-4.0.4.Final.jar;C:\Program Files\NetBeans 8.1\java\modules\ext\hibernate4\hibernate-entitymanager-4.3.1.Final.jar;C:\Program Files\NetBeans 8.1\java\modules\ext\hibernate4\javassist-3.18.1-GA.jar;C:\Program Files\NetBeans 8.1\java\modules\ext\hibernate4\jboss-transaction-api_1.2_spec-1.0.0.Final.jar;C:\Program Files\NetBeans 8.1\java\modules\ext\hibernate4\slf4j-api-1.6.1.jar;C:\Program Files\NetBeans 8.1\java\modules\ext\hibernate4\slf4j-simple-1.6.1.jar;C:\Program Files\NetBeans 8.1\java\modules\ext\hibernate4\hibernate-jpa-2.1-api-1.0.0.Final.jar" />
    <property name="dist.archive.excludes" value="" />
    <property name="libs.JAXB-ENDORSED.src" value="" />
    <property name="libs.testng.javadoc" value="C:\Program Files\NetBeans 8.1\platform\docs\testng-6.8.1-javadoc.zip" />
    <property name="libs.PostgreSQLDriver.classpath" value="C:\Program Files\NetBeans 8.1\ide\modules\ext\postgresql-9.2-1002.jdbc4.jar" />
    <property name="user.script" value="" />
    <property name="libs.hibernate4-persistencemodelgen.classpath" value="C:\Program Files\NetBeans 8.1\java\modules\ext\hibernate4\hibernate-jpamodelgen-4.3.1.Final.jar" />
    <property name="annotation.processing.source.output" value="build/generated-sources/ap-source-output" />
    <property name="build.dir" value="build" />
    <property name="libs.CopyLibs.src" value="" />
    <property name="ant.version" value="Apache Ant(TM) version 1.9.4 compiled on April 29 2014" />
    <property name="file.encoding" value="Cp1252" />
    <property name="build.classes.excludes" value="**/*.java,**/*.form" />
    <property name="jdkBug6558476" value="false" />
    <property name="javadoc.nonavbar" value="false" />
    <property name="platform.active" value="default_platform" />
    <property name="awt.toolkit" value="sun.awt.windows.WToolkit" />
  </properties>
  <testcase classname="UtilsJUnit3Test" name="testWithTimeout" time="1.0" />
  <testcase classname="UtilsJUnit3Test" name="testNormalizeWord" time="0.02">
    <failure message="The test case is a prototype." type="junit.framework.AssertionFailedError">junit.framework.AssertionFailedError: The test case is a prototype.
	at UtilsJUnit3Test.testNormalizeWord(UtilsJUnit3Test.java:127)
</failure>
  </testcase>
  <testcase classname="UtilsJUnit3Test" name="testExpectedException" time="0.0" />
  <testcase classname="UtilsJUnit3Test" name="testHelloWorld" time="0.0" />
  <system-out><![CDATA[* UtilsJUnitTest: SetUp() method(
* UtilsJunit3Test: test method 2 -testWithTimeout()
computing5756!
5756! = 543699285288308576436023103812844383463331899147254011522956115580096288737612623732284413374229879808843878287739110595033017368025328196955516434065827461395928232341807393009720370565748264923919774191082579671372723238944578024367488900728819123745644724693395967953616402633600861610127157147966204365131300698380223522228143339911829320431266432535948157354073163846651354026062105894607254463222429006247775411988020436700610717543443094758823552246495681157228646924537204901878256513351291174688633865377987040914527143886566674183869915756433640173336894112864417551642505011596692624195605752527020069350094824111761749249062566899773101410359120360904489056184391075777783693766525907764131150933950150790668191045235832796870464147621693548271181356513102199060040086982557372499256929213077502819414075689684964433012343458983933573990719957952836767350296046610322599415591318175684343937169633972814381917582880070646230734663080117598884598953963854213516019496192061666636196969474399689201882762235181957324645028864887874246311506579509337282711544374087080113267051705101209920868330101283282040763009200746422299611197044711923526973193622061050431141275600443106273559521005305681667165090607936889320404898856815357821974517934676217556953796243800269979834362459395564481578447562322073660522282669604283734541028648910891270403707838758764242398280623510854736328947980290237139285102278165176170009797208759237743929112264126551123933548079382820866898851063737201254279128632111244527822673258677275436039255028042065576072870332832133976411913310894026526568936834763753508688620090817072273337804751402992857104660310078725470709075640625473223043115555452706268148561077690305258599968267410509437304782462417149733369562534574498919637121143859801517289996712685012756117673447567942124910070704522069822324423210496949044916281501278118197448739613952501529888040221255171172468146385116725732223556064073816508442583944616852081289840828061084431600871850158843067485796449595242500500589736048731893262142549561224918217377223337657014119685778246221412597355532160717594723276929353246195147354960647091236277900500182073041864303708355752859002339567075818478334028773392837992372544665285729722418847818226403601499663521498732871997925460194246591001154498717767394843017102581689033830900351252052196412349728505114516644636279433585415922351757371736316743640232986118224172305959172062123850267446300549218580610590460854273687519571651903143327272111940351218346808249649333162170022327248633815797215717890018681064081168064417350311327705605276188092339484574970599729766354815144554933023246527408750503315189113774625551725497506385334688185155495586461935124730327438860605584558411795883505720446595983603908747873281017047551350296291987384472424415452842648067088705482561320123765235798365732772452546197849955614692000227037610852002088629955027476289234369868515160313028057360416291196231696567394463335172308551828346533634256878862825290614510005240066637625382577775536787350742584411834215545775086077518968731108700029827041967010368696918837316797752289974214572631063376809330907935171582338140406573170489798357791230611639906488304282550559000947770123875749082855235564283241692342559296984607041997330788458177441860551675007721452413848798903282330086064216166887927966966676066215491635865236123380876641728342317661756221804910173847620123891248871980848629698964858037585520599360195674171801768280927132150791992832296568670930455541749112795870264116862475711298150636663984024056489353264565995048869202945150005014497709126098752763000859866782891413484403197759310490490202214280828303194833099723839430520390998427480405023240068153090208802978620593771469266582886225857952553934153808433308654628084167674960385981714879919640748009848457818579203741709405564679284172800695832664295008953953297346577036426136908232348986648587635707270086502332219640540474851085121189020201719796750600382286068022133084352093631405248669334589425387929757895795735665008636215859236065555523543342324936145065375399281957351827798188589909684755972568006168962214210078950141410595491174391231136730644620758868424402008181892881879388094530608399566657979543962327384794693913872347784583723396832735716365751824279249950732214000790823001789603070662319684759791509881445849583854438462644290745839108559678482342112578293976128629701124268935306778162471330538414564292079209796571611600684634892706243358588023965006537794061688545140225321552671980242485021612679202900438530763486330224984794974630283930152421024264079281699905759968825493275954046776271648068437175782792597712077186516459640070606104423818300332989725025112495109349561709881221427257876198772606566879514834024688266483929938754550342502668258110351997497079346363264552675016915094246659021943250114235749667965252105553919716013697844689067378709953772794380497881423566485226427620974161056894787138450639065652168269616826877107330763967131961186909785720861031155212101424850358967926652877105139353408253327640979271329399481128575085320730362893279407396788054885808804136458239919925635674194068323925249319453152243209873026268363724438416048176524435364196786972970887896198243984926148338215496112872096865652839551355395832764365184847672566089620007022479724061638185062969196441671879658176989565791042601423763752429486701445475460599707242678476243092430114471641739133963214103642939324393408144960740191611135658065739128352215220733220024499080723158544809626668118881898342237234309389023313258517479945065924157756868602807241984566955460861622826195928735731364493894129833685744868750898500427562291770866064795719071998439957038555814730612697802486158363859948974429082875964237804483366354700750937765763905989494089997035765999809278875030082149365585224999289353259045909363371935609449815383410256410955455806646074081622921619443254164907754018189193585308983912322870477458609424808920707296698392200102123781221629913905143279659533600952446372732421910511766153566437667520316481522280367672535275518208619400911535962273230623971694243245624595688198519037320233538715206398654862526863384436086033504414120461901286609595600663233268881029329498842865547560887994811469284823239605316576144396781603837989332688042460506554958892512330287397461831677947515253933034000389547064187661466994897660287811301941754928096895384799471088990487802535672876364511759443395811215792841062799764120888102400189366719553203556782593828153754807442075584494858010425358700308819445786078148359615719948940563690335957389607954635233180800604973633337610921906185850575222366224852480258689820017250455265815453043308579515611065271580541681247375854316683825879904828550809280980261596497418054298400861992900957830856976696453229251415976530818649315503815504021498981507401644195000468824181281744965318477774270857909495815210808771424771956003171529529886259899920495126449579915443954925371766271182934161856783517671928700888500342647744775675746675765619322789584729192815914365170769824232761496178635480535935562259840216526525264347706003247386186184223086165203371627949946065286564795411595842289645105167307164519563886237450905192609948911692090890030285930736554239267726279190381502061618305422985757361048681355419311174393376550483833484177494434504051814425822400062389815628683965934505643586570459413879991111806566097904280694388574259687855088389501078067315882303788002394560956285772094672535458114933246326842240240542611918897459526482486891549317514656443591552766262086657484301976240705779290784810156183701264116526820858316314773683285240822987284241847099802447992125960007315353948946597760150290024476077785591122650238021562246336641618791153838601235193170912991887137910132520597823611029168770941941050546919747010752861075709065177212910215804222210852605373157123910932585793099679861010196888961672811746324836745914183402327407305862384328234098858642161143551558888309249963254398766628439118017425544484725439204810334090048285327037824767217986883794956638193339442686592320235036616522722070807331504415655399153734283251682987608621370670940825134262176053732671137205599973666219052966157499754733280305820883769019822330827369980690634173178874569392628770516793003681515186034202150442685951545659036397918657992587224124213694876306743365265444860120179503922802802611205562677652867120949431551258099337811190835406440553847831844773504139035164915965914591324530874257725452744920271533644087038548603374702821309648502298035370120358297068748018496479598342512971653046327030850495328789103130580192284903970851119860665430289956563482708908899099217317451695392248416279459224332200382979581386606293797462001519781981467916423326989732410694956715616426102996425345523370826692334676327266449018214229906319061578297819213770500735929488597338737180576605787032771054446610884556463446804941430650936007985390659085342955966952327722980741197712868436478552426035237729766803139781750757131578192145711147608364484680820616868367211344922357955706092937868743219498407759979246167843197101951517474576157248561988095882497186625685619269079734408626915939400387279563836667716651323241079021020350745185190998168914299418930024371892989447126334212720307136197668352015233700484245922979083378642959152824720590950617056230622580272463643564033928569257283750707422166296798443451454286288869803598800410285675867680441333922785374106715311037202862239924668351243326356087293757101611523364485021828878798548013502055428817199338282586164127517292181304696914435640650870126702989665377478004678839180468440008331051679541265681599925587947259074750620769234080349945171956710905357087937779787963755289847115437361200287645521512548470303942145666647018073423939800282847377771213034915709494999711734180118855772844017500374117019670691411823582605062164604968941091678723635482739416373689803560207604628981993838442733272169739855889810836943263085924783927907721622100412531196305967554213364186749511195575094635882496220061838136535521817154611870011342380265009122765198578409350507935952665024357014841515098252039513091092149697132216675514268850589465208259217080963757034711583899109330075606379190425236444704287844905145447095687486198905712646547364407343619006345939780244146433343415500654827935988448195777923346305544769049292656522040711032054439368783755410449010634436105388984339473179961435114807276967066109601599406797395041638498376911911314926124649334695947468226134716940979448802115750156088377809058124181179258255036584540675118362625582506303315103258268595957200084270511253731222863162507791650349863703854081618709852962232825758869033967552828658766056702934864092887783010500146049204075577705946857646762564254723148766186606510391683396866059787642783832991750496479965281255613970564085631497014589537021606289716280700050698570537334765919546469249725983223518770719621051231520336064410698778832419353646145990362219027260233086016456159957136670658565866022259529846928659483077665632554139766609964741729410106402270178183228706590687426409916948626308794316118147078955221063046125630530809204985047615943035442871358556633854941214603646806799486101699503809143004842817990864384754700894083551791396771262672846419805656646398848133499846749568544707702804645751006242340468985358283424202540456765345624850390336911335188690164033490765045414984668907167443102383693069003490114630134273320155148116122643326742308327579283138993205721073322531317226773143190211650655619157642082624710718760286043730372123826586733642829022019770652292230680023446156667574164102721254456637499019458107488401311277152010532595593927072075688243387936805901617575954091245908829948872553492070388763523320989379438335864188690591347270101355620708465063350196229465069268126355251547819985218259204773127793801176027205049331868979676161232505086834983736459841219646993274439868862748916098640406793335217987609810749340481689755196124036757275747474234599636001053446023567212540201216936303264715572251900199401525049581495574488607377393983471647383142800749599983900008400333936901972002800144020332120655657793103173384371498297899786396658809632419797887082173083466448900696332800192835215612739268599974006897555404292394659696909109104828158453262151220358686668122218608139098483508194765559610313766388379538438820692385342736496714763695366939785231301286620247829186822758490406890847827217893783720439698150660640834778060279498505391492785537821687292112159121564018141375008795858562605884824897725831786234540731874921349215703566341555577659920860804984703178244115798084190299107162021923792865602658730488507069500508088822160439085784164394615795390971879267858859742291781892175932064981690689095910352256774717078625408654050794540248331864490405509609959435916039390360942333134436595432598456447052523250470112637631596579088038201606179340834667874674806062442952127921577741900861303100095784232351379140267315453409383743577940130327372813248427988223415840138395972316306160685292128536865533165010527889055653363081610054264742960850665504851813205976025506134898528323607171662744257021853332342185773533920091984863374403547170287856295022837131624230424716449873025453537992695867506576640379115582887651344390694965133418153960603407543407634247669181726414346840486318764675418222572320744686741789941812068975270040475756575339270962466013227528308449608907873305829293407628483456557003309837138420597282053136842722765463651532975137734619898227783622650570537885150233316372280227997448898694215305634238855644118891042431759379853823683903813271961813139869028247998213627370244951716938630980425688539453911736722134759945878339609123973501809974858163267052739291157142554424365108467358825615542343874809052268811955513559341103284913002930296266179161878738919100967126010845798541244076073179938901543870258594397062101679954522827874169417210873793790041474251864910549027313519040521571906042850820817625191287610980793767316559546137556582266480062755107656451924133483597257972892590122954729643569714159104611839500916567310123886906511665472558743923361412523692056217497332844833079578528753592785784977729016641822478174480980966943260871305169188477342280402008111512663127221412769246263591688169407591789097496732283763933466327384158367618019252665503916228147235412140721044947402734837777484534729849819985637767024157445172184653416585203213585075347283922106058755072839411839665656593333070219565500035468727861461324420008798362945792418769262634345184225502100830526600844153312334162303349882323835137797948338658879154098324535783709511587734358935932068326843884185692223022558907988428762918292586529564465786329277070327653128435838867081397000567579013196129755183471976596222788741890728211156447211980319132917708357536605166876434475643845098742336493979081573649068041527068257559720286699642832229107917228436711926796867197469968498252543555423281986923666307046138944840193547700149395126532002819720534163523709454137182080082471466070547156087439512745014645717528251516610515808553851965044519268294420172119063201897752847417515333999260360217923863590946538783528853986736843707859707961267937861629872648351730020521305576769701747673829668873190103146813759622048279758437922462849562308584209077100432481040928572326543479150753215869111152243351828077700006281626136977323491757253710336543672177487563462031685893676507660106899578562496966721358194960287844858748287797583283035080749711118504242035446702801898661598772552953612742980517584073389116559323179640020731352124717264325509144129152255680246494890536448170167935596189748777400247362007349970253661807948893194553756283102714607609512145392420716561641250632613126870102145175819825191489590835252868199864263930969608076357276021578936352018227434414185563907744874532760153364924089351127013616476151805127711578124063564020759186270572408087651122372660036220163024425095309359073621456650250110891923463949679635647293625797781503262115980341643895432595166783592450787347507369639105851064937926126178707443247384502498050757428784410289241046074457845295537147561226801213459630330522738183909269708807024335951760777321935656039487015875358909962893729968464695651129776887334158627556487593854344782386116649310096654239409239705100862415871426512168840962225747933806947676381381762229656150511783006860625884226535005259116574887481174007289360478501427998674610196996641030089676994558197755420565286522934583594723036235585463277724477434215917406566443018642352993384171332616798471347247436789765258622795466732709279322184214668839901173919292870581437004430137399422462992479543138651256134279371227873551832056373426692278582563032541241792240951974327477835843186841783147603554341124461116652388461281392878076801255752187418792081873696427385309073055187577867947872384200487684370504822075182951790102559022205853345132476828751251889907211179608804527874981517335900656093682951012938139758708535228032196668942283747312513949753446304601706676024140877180181451126873252451832022561905409934718573718840166612451148631684406470581585224773844630849477683781130025406167880654958163847533466949790059940221816576274028850944336194117140863088772056553767529829773455896314583525719918421035825320332728438215168719503381147632513660766113957553106401418266687459513907756245805531367388307947141087321241851528290749863619597721452082710707080695658767296474904037404003145292735939388245566771111060959903609392167183650113478920616948534273937748133498196919433834119232428015633202456343991777958947040219635678781499235154593180686736511967435355004804730576295106191556608000000000000000000000000000000000000000000000000000000000000000000000000000000000000000000000000000000000000000000000000000000000000000000000000000000000000000000000000000000000000000000000000000000000000000000000000000000000000000000000000000000000000000000000000000000000000000000000000000000000000000000000000000000000000000000000000000000000000000000000000000000000000000000000000000000000000000000000000000000000000000000000000000000000000000000000000000000000000000000000000000000000000000000000000000000000000000000000000000000000000000000000000000000000000000000000000000000000000000000000000000000000000000000000000000000000000000000000000000000000000000000000000000000000000000000000000000000000000000000000000000000000000000000000000000000000000000000000000000000000000000000000000000000000000000000000000000000000000000000000000000000000000000000000000000000000000000000000000000000000000000000000000000000000000000000000000000000000000000000000000000000000000000000000000000000000000000000000000000000000000000000000000000000000000000000000000000000000000000000000000000000000000000000000000000000000000000000000000000000000000000000000000000000000000000000000000000000000000000000000000000000000000000000000000000000000000000000000000000000000000000000000000000000000000000000000000000000000000000000000000000000000000000000000000000000000000000000000000000000000000000000000000000000000000000000000000000000000000000000000
* UtilsJUnitTest: tearDown() method(
* UtilsJUnitTest: SetUp() method(
normalizeWord
* UtilsJUnitTest: tearDown() method(
* UtilsJUnitTest: SetUp() method(
* UtilsJUnit3Test: test method 3 testExpectedException()
* UtilsJUnitTest: tearDown() method(
* UtilsJUnitTest: SetUp() method(
* UtilsJUnitTest: test method 1 - testHelloWorld()
* UtilsJUnitTest: tearDown() method(
]]></system-out>
  <system-err><![CDATA[]]></system-err>
</testsuite>
